<?xml version="1.0" encoding="UTF-8"?>
<!-- Generated by org.testng.reporters.JUnitXMLReporter -->
<testsuite hostname="DESKTOP-KAC3CU8" ignored="0" name="Default test" tests="4" failures="0" timestamp="21 Oct 2019 18:55:23 GMT" time="18.457" errors="0">
  <testcase name="usernameScreenCMLogoImageTest" time="0.104" classname="com.cm.qa.testcases.UsernamePageTests"/>
  <testcase name="blankUsernameTest" time="0.883" classname="com.cm.qa.testcases.UsernamePageTests"/>
  <testcase name="verifyFooterText" time="0.094" classname="com.cm.qa.testcases.UsernamePageTests"/>
  <testcase name="validUsernameTest" time="0.504" classname="com.cm.qa.testcases.UsernamePageTests"/>
</testsuite> <!-- Default test -->
