<?xml version="1.0" encoding="UTF-8"?>
<testng-results skipped="7" failed="3" ignored="0" total="26" passed="16">
  <reporter-output>
  </reporter-output>
  <suite name="Default suite" duration-ms="344803" started-at="2019-12-21T02:46:37Z" finished-at="2019-12-21T02:52:22Z">
    <groups>
    </groups>
    <test name="Default test" duration-ms="344803" started-at="2019-12-21T02:46:37Z" finished-at="2019-12-21T02:52:22Z">
      <class name="com.cm.qa.testcases.GeneralInformationPageTests">
        <test-method status="PASS" signature="setUp()[pri:0, instance:com.cm.qa.testcases.GeneralInformationPageTests@67ae56]" name="setUp" is-config="true" duration-ms="24580" started-at="2019-12-21T02:46:37Z" finished-at="2019-12-21T02:47:01Z">
          <reporter-output>
          </reporter-output>
        </test-method> <!-- setUp -->
        <test-method status="PASS" signature="openGeneralInformationForm()[pri:0, instance:com.cm.qa.testcases.GeneralInformationPageTests@67ae56]" name="openGeneralInformationForm" is-config="true" duration-ms="4596" started-at="2019-12-21T02:47:02Z" finished-at="2019-12-21T02:47:07Z">
          <reporter-output>
          </reporter-output>
        </test-method> <!-- openGeneralInformationForm -->
        <test-method status="PASS" signature="addNewCategoryTest(java.lang.String)[pri:16, instance:com.cm.qa.testcases.GeneralInformationPageTests@67ae56]" name="addNewCategoryTest" duration-ms="5988" started-at="2019-12-21T02:47:07Z" data-provider="category" finished-at="2019-12-21T02:47:13Z">
          <params>
            <param index="0">
              <value>
                <![CDATA[E Commerce]]>
              </value>
            </param>
          </params>
          <reporter-output>
          </reporter-output>
        </test-method> <!-- addNewCategoryTest -->
        <test-method status="PASS" signature="openGeneralInformationForm()[pri:0, instance:com.cm.qa.testcases.GeneralInformationPageTests@67ae56]" name="openGeneralInformationForm" is-config="true" duration-ms="4310" started-at="2019-12-21T02:47:13Z" finished-at="2019-12-21T02:47:17Z">
          <reporter-output>
          </reporter-output>
        </test-method> <!-- openGeneralInformationForm -->
        <test-method status="PASS" signature="addNewCategoryTest(java.lang.String)[pri:16, instance:com.cm.qa.testcases.GeneralInformationPageTests@67ae56]" name="addNewCategoryTest" duration-ms="5863" started-at="2019-12-21T02:47:17Z" data-provider="category" finished-at="2019-12-21T02:47:23Z">
          <params>
            <param index="0">
              <value>
                <![CDATA[Third Party]]>
              </value>
            </param>
          </params>
          <reporter-output>
          </reporter-output>
        </test-method> <!-- addNewCategoryTest -->
        <test-method status="PASS" signature="openGeneralInformationForm()[pri:0, instance:com.cm.qa.testcases.GeneralInformationPageTests@67ae56]" name="openGeneralInformationForm" is-config="true" duration-ms="4400" started-at="2019-12-21T02:47:23Z" finished-at="2019-12-21T02:47:28Z">
          <reporter-output>
          </reporter-output>
        </test-method> <!-- openGeneralInformationForm -->
        <test-method status="PASS" signature="blankCategoryNameTest()[pri:17, instance:com.cm.qa.testcases.GeneralInformationPageTests@67ae56]" name="blankCategoryNameTest" duration-ms="6061" started-at="2019-12-21T02:47:28Z" finished-at="2019-12-21T02:47:34Z">
          <reporter-output>
          </reporter-output>
        </test-method> <!-- blankCategoryNameTest -->
        <test-method status="PASS" signature="openGeneralInformationForm()[pri:0, instance:com.cm.qa.testcases.GeneralInformationPageTests@67ae56]" name="openGeneralInformationForm" is-config="true" duration-ms="4236" started-at="2019-12-21T02:47:34Z" finished-at="2019-12-21T02:47:38Z">
          <reporter-output>
          </reporter-output>
        </test-method> <!-- openGeneralInformationForm -->
        <test-method status="FAIL" signature="duplicateCategoryNameTest()[pri:18, instance:com.cm.qa.testcases.GeneralInformationPageTests@67ae56]" name="duplicateCategoryNameTest" duration-ms="68317" started-at="2019-12-21T02:47:38Z" finished-at="2019-12-21T02:48:46Z">
          <exception class="org.openqa.selenium.TimeoutException">
            <message>
              <![CDATA[Expected condition failed: waiting for element to be clickable: Proxy element for: DefaultElementLocator 'By.xpath: //span[contains(text(),'Cancel')]' (tried for 20 second(s) with 500 milliseconds interval)]]>
            </message>
            <full-stacktrace>
              <![CDATA[org.openqa.selenium.TimeoutException: Expected condition failed: waiting for element to be clickable: Proxy element for: DefaultElementLocator 'By.xpath: //span[contains(text(),'Cancel')]' (tried for 20 second(s) with 500 milliseconds interval)
at org.openqa.selenium.support.ui.WebDriverWait.timeoutException(WebDriverWait.java:113)
at org.openqa.selenium.support.ui.FluentWait.until(FluentWait.java:283)
at cm.cm.qa.base.ActionClass.customClickableWait(ActionClass.java:31)
at com.cm.qa.pages.GeneralInformationPage.clickOnAddPopupCancelButton(GeneralInformationPage.java:105)
at com.cm.qa.testcases.GeneralInformationPageTests.duplicateCategoryNameTest(GeneralInformationPageTests.java:56)
at sun.reflect.NativeMethodAccessorImpl.invoke0(Native Method)
at sun.reflect.NativeMethodAccessorImpl.invoke(NativeMethodAccessorImpl.java:62)
at sun.reflect.DelegatingMethodAccessorImpl.invoke(DelegatingMethodAccessorImpl.java:43)
at java.lang.reflect.Method.invoke(Method.java:498)
at org.testng.internal.MethodInvocationHelper.invokeMethod(MethodInvocationHelper.java:124)
at org.testng.internal.Invoker.invokeMethod(Invoker.java:583)
at org.testng.internal.Invoker.invokeTestMethod(Invoker.java:719)
at org.testng.internal.Invoker.invokeTestMethods(Invoker.java:989)
at org.testng.internal.TestMethodWorker.invokeTestMethods(TestMethodWorker.java:125)
at org.testng.internal.TestMethodWorker.run(TestMethodWorker.java:109)
at org.testng.TestRunner.privateRun(TestRunner.java:648)
at org.testng.TestRunner.run(TestRunner.java:505)
at org.testng.SuiteRunner.runTest(SuiteRunner.java:455)
at org.testng.SuiteRunner.runSequentially(SuiteRunner.java:450)
at org.testng.SuiteRunner.privateRun(SuiteRunner.java:415)
at org.testng.SuiteRunner.run(SuiteRunner.java:364)
at org.testng.SuiteRunnerWorker.runSuite(SuiteRunnerWorker.java:52)
at org.testng.SuiteRunnerWorker.run(SuiteRunnerWorker.java:84)
at org.testng.TestNG.runSuitesSequentially(TestNG.java:1208)
at org.testng.TestNG.runSuitesLocally(TestNG.java:1137)
at org.testng.TestNG.runSuites(TestNG.java:1049)
at org.testng.TestNG.run(TestNG.java:1017)
at org.testng.remote.AbstractRemoteTestNG.run(AbstractRemoteTestNG.java:114)
at org.testng.remote.RemoteTestNG.initAndRun(RemoteTestNG.java:251)
at org.testng.remote.RemoteTestNG.main(RemoteTestNG.java:77)
Caused by: org.openqa.selenium.NoSuchElementException: no such element: Unable to locate element: {"method":"xpath","selector":"//span[contains(text(),'Cancel')]"}
  (Session info: chrome=79.0.3945.88)
For documentation on this error, please visit: http://seleniumhq.org/exceptions/no_such_element.html
Build info: version: '3.14.0', revision: 'aacccce0', time: '2018-08-02T20:19:58.91Z'
System info: host: 'DESKTOP-KAC3CU8', ip: '192.168.1.35', os.name: 'Windows 10', os.arch: 'x86', os.version: '10.0', java.version: '1.8.0_231'
Driver info: org.openqa.selenium.chrome.ChromeDriver
Capabilities {acceptInsecureCerts: false, browserName: chrome, browserVersion: 79.0.3945.88, chrome: {chromedriverVersion: 79.0.3945.36 (3582db32b3389..., userDataDir: C:\Users\subh\AppData\Local...}, goog:chromeOptions: {debuggerAddress: localhost:55012}, javascriptEnabled: true, networkConnectionEnabled: false, pageLoadStrategy: normal, platform: WINDOWS, platformName: WINDOWS, proxy: Proxy(), setWindowRect: true, strictFileInteractability: false, timeouts: {implicit: 0, pageLoad: 300000, script: 30000}, unhandledPromptBehavior: dismiss and notify}
Session ID: e3139141bd8bbc2b5c515b138fb042a3
*** Element info: {Using=xpath, value=//span[contains(text(),'Cancel')]}
at sun.reflect.NativeConstructorAccessorImpl.newInstance0(Native Method)
at sun.reflect.NativeConstructorAccessorImpl.newInstance(NativeConstructorAccessorImpl.java:62)
at sun.reflect.DelegatingConstructorAccessorImpl.newInstance(DelegatingConstructorAccessorImpl.java:45)
at java.lang.reflect.Constructor.newInstance(Constructor.java:423)
at org.openqa.selenium.remote.http.W3CHttpResponseCodec.createException(W3CHttpResponseCodec.java:187)
at org.openqa.selenium.remote.http.W3CHttpResponseCodec.decode(W3CHttpResponseCodec.java:122)
at org.openqa.selenium.remote.http.W3CHttpResponseCodec.decode(W3CHttpResponseCodec.java:49)
at org.openqa.selenium.remote.HttpCommandExecutor.execute(HttpCommandExecutor.java:158)
at org.openqa.selenium.remote.service.DriverCommandExecutor.execute(DriverCommandExecutor.java:83)
at org.openqa.selenium.remote.RemoteWebDriver.execute(RemoteWebDriver.java:548)
at org.openqa.selenium.remote.RemoteWebDriver.findElement(RemoteWebDriver.java:322)
at org.openqa.selenium.remote.RemoteWebDriver.findElementByXPath(RemoteWebDriver.java:424)
at org.openqa.selenium.By$ByXPath.findElement(By.java:353)
at org.openqa.selenium.remote.RemoteWebDriver.findElement(RemoteWebDriver.java:314)
at org.openqa.selenium.support.pagefactory.DefaultElementLocator.findElement(DefaultElementLocator.java:69)
at org.openqa.selenium.support.pagefactory.internal.LocatingElementHandler.invoke(LocatingElementHandler.java:38)
at com.sun.proxy.$Proxy10.isDisplayed(Unknown Source)
at org.openqa.selenium.support.ui.ExpectedConditions.elementIfVisible(ExpectedConditions.java:315)
at org.openqa.selenium.support.ui.ExpectedConditions.access$100(ExpectedConditions.java:44)
at org.openqa.selenium.support.ui.ExpectedConditions$10.apply(ExpectedConditions.java:301)
at org.openqa.selenium.support.ui.ExpectedConditions$10.apply(ExpectedConditions.java:298)
at org.openqa.selenium.support.ui.ExpectedConditions$23.apply(ExpectedConditions.java:686)
at org.openqa.selenium.support.ui.ExpectedConditions$23.apply(ExpectedConditions.java:682)
at org.openqa.selenium.support.ui.FluentWait.until(FluentWait.java:260)
... 28 more
]]>
            </full-stacktrace>
          </exception> <!-- org.openqa.selenium.TimeoutException -->
          <reporter-output>
          </reporter-output>
        </test-method> <!-- duplicateCategoryNameTest -->
        <test-method status="PASS" signature="openGeneralInformationForm()[pri:0, instance:com.cm.qa.testcases.GeneralInformationPageTests@67ae56]" name="openGeneralInformationForm" is-config="true" duration-ms="4680" started-at="2019-12-21T02:48:46Z" finished-at="2019-12-21T02:48:51Z">
          <reporter-output>
          </reporter-output>
        </test-method> <!-- openGeneralInformationForm -->
        <test-method status="PASS" signature="addNewSubCategoryTest(java.lang.String, java.lang.String)[pri:19, instance:com.cm.qa.testcases.GeneralInformationPageTests@67ae56]" name="addNewSubCategoryTest" duration-ms="6165" started-at="2019-12-21T02:48:51Z" data-provider="subCategory" finished-at="2019-12-21T02:48:57Z">
          <params>
            <param index="0">
              <value>
                <![CDATA[E Commerce]]>
              </value>
            </param>
            <param index="1">
              <value>
                <![CDATA[Electronics]]>
              </value>
            </param>
          </params>
          <reporter-output>
          </reporter-output>
        </test-method> <!-- addNewSubCategoryTest -->
        <test-method status="PASS" signature="openGeneralInformationForm()[pri:0, instance:com.cm.qa.testcases.GeneralInformationPageTests@67ae56]" name="openGeneralInformationForm" is-config="true" duration-ms="4255" started-at="2019-12-21T02:48:57Z" finished-at="2019-12-21T02:49:01Z">
          <reporter-output>
          </reporter-output>
        </test-method> <!-- openGeneralInformationForm -->
        <test-method status="PASS" signature="addNewSubCategoryTest(java.lang.String, java.lang.String)[pri:19, instance:com.cm.qa.testcases.GeneralInformationPageTests@67ae56]" name="addNewSubCategoryTest" duration-ms="6335" started-at="2019-12-21T02:49:01Z" data-provider="subCategory" finished-at="2019-12-21T02:49:08Z">
          <params>
            <param index="0">
              <value>
                <![CDATA[Third Party]]>
              </value>
            </param>
            <param index="1">
              <value>
                <![CDATA[Housekeeping]]>
              </value>
            </param>
          </params>
          <reporter-output>
          </reporter-output>
        </test-method> <!-- addNewSubCategoryTest -->
        <test-method status="PASS" signature="openGeneralInformationForm()[pri:0, instance:com.cm.qa.testcases.GeneralInformationPageTests@67ae56]" name="openGeneralInformationForm" is-config="true" duration-ms="4413" started-at="2019-12-21T02:49:08Z" finished-at="2019-12-21T02:49:12Z">
          <reporter-output>
          </reporter-output>
        </test-method> <!-- openGeneralInformationForm -->
        <test-method status="PASS" signature="blankSubCategoryNamesTest()[pri:20, instance:com.cm.qa.testcases.GeneralInformationPageTests@67ae56]" name="blankSubCategoryNamesTest" duration-ms="6454" started-at="2019-12-21T02:49:12Z" finished-at="2019-12-21T02:49:19Z">
          <reporter-output>
          </reporter-output>
        </test-method> <!-- blankSubCategoryNamesTest -->
        <test-method status="PASS" signature="openGeneralInformationForm()[pri:0, instance:com.cm.qa.testcases.GeneralInformationPageTests@67ae56]" name="openGeneralInformationForm" is-config="true" duration-ms="4436" started-at="2019-12-21T02:49:19Z" finished-at="2019-12-21T02:49:23Z">
          <reporter-output>
          </reporter-output>
        </test-method> <!-- openGeneralInformationForm -->
        <test-method status="FAIL" signature="duplicateSubCategoryNameTest()[pri:21, instance:com.cm.qa.testcases.GeneralInformationPageTests@67ae56]" name="duplicateSubCategoryNameTest" duration-ms="68904" started-at="2019-12-21T02:49:23Z" finished-at="2019-12-21T02:50:32Z">
          <exception class="org.openqa.selenium.TimeoutException">
            <message>
              <![CDATA[Expected condition failed: waiting for element to be clickable: Proxy element for: DefaultElementLocator 'By.xpath: //span[contains(text(),'Cancel')]' (tried for 20 second(s) with 500 milliseconds interval)]]>
            </message>
            <full-stacktrace>
              <![CDATA[org.openqa.selenium.TimeoutException: Expected condition failed: waiting for element to be clickable: Proxy element for: DefaultElementLocator 'By.xpath: //span[contains(text(),'Cancel')]' (tried for 20 second(s) with 500 milliseconds interval)
at org.openqa.selenium.support.ui.WebDriverWait.timeoutException(WebDriverWait.java:113)
at org.openqa.selenium.support.ui.FluentWait.until(FluentWait.java:283)
at cm.cm.qa.base.ActionClass.customClickableWait(ActionClass.java:31)
at com.cm.qa.pages.GeneralInformationPage.clickOnAddPopupCancelButton(GeneralInformationPage.java:105)
at com.cm.qa.testcases.GeneralInformationPageTests.duplicateSubCategoryNameTest(GeneralInformationPageTests.java:80)
at sun.reflect.NativeMethodAccessorImpl.invoke0(Native Method)
at sun.reflect.NativeMethodAccessorImpl.invoke(NativeMethodAccessorImpl.java:62)
at sun.reflect.DelegatingMethodAccessorImpl.invoke(DelegatingMethodAccessorImpl.java:43)
at java.lang.reflect.Method.invoke(Method.java:498)
at org.testng.internal.MethodInvocationHelper.invokeMethod(MethodInvocationHelper.java:124)
at org.testng.internal.Invoker.invokeMethod(Invoker.java:583)
at org.testng.internal.Invoker.invokeTestMethod(Invoker.java:719)
at org.testng.internal.Invoker.invokeTestMethods(Invoker.java:989)
at org.testng.internal.TestMethodWorker.invokeTestMethods(TestMethodWorker.java:125)
at org.testng.internal.TestMethodWorker.run(TestMethodWorker.java:109)
at org.testng.TestRunner.privateRun(TestRunner.java:648)
at org.testng.TestRunner.run(TestRunner.java:505)
at org.testng.SuiteRunner.runTest(SuiteRunner.java:455)
at org.testng.SuiteRunner.runSequentially(SuiteRunner.java:450)
at org.testng.SuiteRunner.privateRun(SuiteRunner.java:415)
at org.testng.SuiteRunner.run(SuiteRunner.java:364)
at org.testng.SuiteRunnerWorker.runSuite(SuiteRunnerWorker.java:52)
at org.testng.SuiteRunnerWorker.run(SuiteRunnerWorker.java:84)
at org.testng.TestNG.runSuitesSequentially(TestNG.java:1208)
at org.testng.TestNG.runSuitesLocally(TestNG.java:1137)
at org.testng.TestNG.runSuites(TestNG.java:1049)
at org.testng.TestNG.run(TestNG.java:1017)
at org.testng.remote.AbstractRemoteTestNG.run(AbstractRemoteTestNG.java:114)
at org.testng.remote.RemoteTestNG.initAndRun(RemoteTestNG.java:251)
at org.testng.remote.RemoteTestNG.main(RemoteTestNG.java:77)
Caused by: org.openqa.selenium.NoSuchElementException: no such element: Unable to locate element: {"method":"xpath","selector":"//span[contains(text(),'Cancel')]"}
  (Session info: chrome=79.0.3945.88)
For documentation on this error, please visit: http://seleniumhq.org/exceptions/no_such_element.html
Build info: version: '3.14.0', revision: 'aacccce0', time: '2018-08-02T20:19:58.91Z'
System info: host: 'DESKTOP-KAC3CU8', ip: '192.168.1.35', os.name: 'Windows 10', os.arch: 'x86', os.version: '10.0', java.version: '1.8.0_231'
Driver info: org.openqa.selenium.chrome.ChromeDriver
Capabilities {acceptInsecureCerts: false, browserName: chrome, browserVersion: 79.0.3945.88, chrome: {chromedriverVersion: 79.0.3945.36 (3582db32b3389..., userDataDir: C:\Users\subh\AppData\Local...}, goog:chromeOptions: {debuggerAddress: localhost:55012}, javascriptEnabled: true, networkConnectionEnabled: false, pageLoadStrategy: normal, platform: WINDOWS, platformName: WINDOWS, proxy: Proxy(), setWindowRect: true, strictFileInteractability: false, timeouts: {implicit: 0, pageLoad: 300000, script: 30000}, unhandledPromptBehavior: dismiss and notify}
Session ID: e3139141bd8bbc2b5c515b138fb042a3
*** Element info: {Using=xpath, value=//span[contains(text(),'Cancel')]}
at sun.reflect.NativeConstructorAccessorImpl.newInstance0(Native Method)
at sun.reflect.NativeConstructorAccessorImpl.newInstance(NativeConstructorAccessorImpl.java:62)
at sun.reflect.DelegatingConstructorAccessorImpl.newInstance(DelegatingConstructorAccessorImpl.java:45)
at java.lang.reflect.Constructor.newInstance(Constructor.java:423)
at org.openqa.selenium.remote.http.W3CHttpResponseCodec.createException(W3CHttpResponseCodec.java:187)
at org.openqa.selenium.remote.http.W3CHttpResponseCodec.decode(W3CHttpResponseCodec.java:122)
at org.openqa.selenium.remote.http.W3CHttpResponseCodec.decode(W3CHttpResponseCodec.java:49)
at org.openqa.selenium.remote.HttpCommandExecutor.execute(HttpCommandExecutor.java:158)
at org.openqa.selenium.remote.service.DriverCommandExecutor.execute(DriverCommandExecutor.java:83)
at org.openqa.selenium.remote.RemoteWebDriver.execute(RemoteWebDriver.java:548)
at org.openqa.selenium.remote.RemoteWebDriver.findElement(RemoteWebDriver.java:322)
at org.openqa.selenium.remote.RemoteWebDriver.findElementByXPath(RemoteWebDriver.java:424)
at org.openqa.selenium.By$ByXPath.findElement(By.java:353)
at org.openqa.selenium.remote.RemoteWebDriver.findElement(RemoteWebDriver.java:314)
at org.openqa.selenium.support.pagefactory.DefaultElementLocator.findElement(DefaultElementLocator.java:69)
at org.openqa.selenium.support.pagefactory.internal.LocatingElementHandler.invoke(LocatingElementHandler.java:38)
at com.sun.proxy.$Proxy10.isDisplayed(Unknown Source)
at org.openqa.selenium.support.ui.ExpectedConditions.elementIfVisible(ExpectedConditions.java:315)
at org.openqa.selenium.support.ui.ExpectedConditions.access$100(ExpectedConditions.java:44)
at org.openqa.selenium.support.ui.ExpectedConditions$10.apply(ExpectedConditions.java:301)
at org.openqa.selenium.support.ui.ExpectedConditions$10.apply(ExpectedConditions.java:298)
at org.openqa.selenium.support.ui.ExpectedConditions$23.apply(ExpectedConditions.java:686)
at org.openqa.selenium.support.ui.ExpectedConditions$23.apply(ExpectedConditions.java:682)
at org.openqa.selenium.support.ui.FluentWait.until(FluentWait.java:260)
... 28 more
]]>
            </full-stacktrace>
          </exception> <!-- org.openqa.selenium.TimeoutException -->
          <reporter-output>
          </reporter-output>
        </test-method> <!-- duplicateSubCategoryNameTest -->
        <test-method status="PASS" signature="openGeneralInformationForm()[pri:0, instance:com.cm.qa.testcases.GeneralInformationPageTests@67ae56]" name="openGeneralInformationForm" is-config="true" duration-ms="4677" started-at="2019-12-21T02:50:32Z" finished-at="2019-12-21T02:50:37Z">
          <reporter-output>
          </reporter-output>
        </test-method> <!-- openGeneralInformationForm -->
        <test-method status="PASS" signature="addNewBusinessPartnerTest(java.lang.String)[pri:22, instance:com.cm.qa.testcases.GeneralInformationPageTests@67ae56]" name="addNewBusinessPartnerTest" duration-ms="3925" started-at="2019-12-21T02:50:37Z" data-provider="businessPartner" finished-at="2019-12-21T02:50:41Z">
          <params>
            <param index="0">
              <value>
                <![CDATA[Flipkart]]>
              </value>
            </param>
          </params>
          <reporter-output>
          </reporter-output>
        </test-method> <!-- addNewBusinessPartnerTest -->
        <test-method status="PASS" signature="openGeneralInformationForm()[pri:0, instance:com.cm.qa.testcases.GeneralInformationPageTests@67ae56]" name="openGeneralInformationForm" is-config="true" duration-ms="4280" started-at="2019-12-21T02:50:41Z" finished-at="2019-12-21T02:50:45Z">
          <reporter-output>
          </reporter-output>
        </test-method> <!-- openGeneralInformationForm -->
        <test-method status="PASS" signature="addNewBusinessPartnerTest(java.lang.String)[pri:22, instance:com.cm.qa.testcases.GeneralInformationPageTests@67ae56]" name="addNewBusinessPartnerTest" duration-ms="4073" started-at="2019-12-21T02:50:45Z" data-provider="businessPartner" finished-at="2019-12-21T02:50:49Z">
          <params>
            <param index="0">
              <value>
                <![CDATA[Aegis Protection Private Limited]]>
              </value>
            </param>
          </params>
          <reporter-output>
          </reporter-output>
        </test-method> <!-- addNewBusinessPartnerTest -->
        <test-method status="PASS" signature="openGeneralInformationForm()[pri:0, instance:com.cm.qa.testcases.GeneralInformationPageTests@67ae56]" name="openGeneralInformationForm" is-config="true" duration-ms="4257" started-at="2019-12-21T02:50:49Z" finished-at="2019-12-21T02:50:53Z">
          <reporter-output>
          </reporter-output>
        </test-method> <!-- openGeneralInformationForm -->
        <test-method status="PASS" signature="addNewBusinessPartnerTest(java.lang.String)[pri:22, instance:com.cm.qa.testcases.GeneralInformationPageTests@67ae56]" name="addNewBusinessPartnerTest" duration-ms="3754" started-at="2019-12-21T02:50:53Z" data-provider="businessPartner" finished-at="2019-12-21T02:50:57Z">
          <params>
            <param index="0">
              <value>
                <![CDATA[Amazon]]>
              </value>
            </param>
          </params>
          <reporter-output>
          </reporter-output>
        </test-method> <!-- addNewBusinessPartnerTest -->
        <test-method status="PASS" signature="openGeneralInformationForm()[pri:0, instance:com.cm.qa.testcases.GeneralInformationPageTests@67ae56]" name="openGeneralInformationForm" is-config="true" duration-ms="4296" started-at="2019-12-21T02:50:57Z" finished-at="2019-12-21T02:51:01Z">
          <reporter-output>
          </reporter-output>
        </test-method> <!-- openGeneralInformationForm -->
        <test-method status="PASS" signature="blankBusinessPartnerNameTest()[pri:23, instance:com.cm.qa.testcases.GeneralInformationPageTests@67ae56]" name="blankBusinessPartnerNameTest" duration-ms="4020" started-at="2019-12-21T02:51:01Z" finished-at="2019-12-21T02:51:05Z">
          <reporter-output>
          </reporter-output>
        </test-method> <!-- blankBusinessPartnerNameTest -->
        <test-method status="PASS" signature="openGeneralInformationForm()[pri:0, instance:com.cm.qa.testcases.GeneralInformationPageTests@67ae56]" name="openGeneralInformationForm" is-config="true" duration-ms="4185" started-at="2019-12-21T02:51:05Z" finished-at="2019-12-21T02:51:10Z">
          <reporter-output>
          </reporter-output>
        </test-method> <!-- openGeneralInformationForm -->
        <test-method status="PASS" signature="duplicateBusinessPartnerNameTest()[pri:24, instance:com.cm.qa.testcases.GeneralInformationPageTests@67ae56]" name="duplicateBusinessPartnerNameTest" duration-ms="6887" started-at="2019-12-21T02:51:10Z" finished-at="2019-12-21T02:51:16Z">
          <reporter-output>
          </reporter-output>
        </test-method> <!-- duplicateBusinessPartnerNameTest -->
        <test-method status="PASS" signature="openGeneralInformationForm()[pri:0, instance:com.cm.qa.testcases.GeneralInformationPageTests@67ae56]" name="openGeneralInformationForm" is-config="true" duration-ms="4184" started-at="2019-12-21T02:51:17Z" finished-at="2019-12-21T02:51:21Z">
          <reporter-output>
          </reporter-output>
        </test-method> <!-- openGeneralInformationForm -->
        <test-method status="PASS" signature="addNewLegalEntityTest(java.lang.String)[pri:25, instance:com.cm.qa.testcases.GeneralInformationPageTests@67ae56]" name="addNewLegalEntityTest" duration-ms="3688" started-at="2019-12-21T02:51:21Z" data-provider="legalEntity" finished-at="2019-12-21T02:51:24Z">
          <params>
            <param index="0">
              <value>
                <![CDATA[E Cart]]>
              </value>
            </param>
          </params>
          <reporter-output>
          </reporter-output>
        </test-method> <!-- addNewLegalEntityTest -->
        <test-method status="PASS" signature="openGeneralInformationForm()[pri:0, instance:com.cm.qa.testcases.GeneralInformationPageTests@67ae56]" name="openGeneralInformationForm" is-config="true" duration-ms="4139" started-at="2019-12-21T02:51:24Z" finished-at="2019-12-21T02:51:29Z">
          <reporter-output>
          </reporter-output>
        </test-method> <!-- openGeneralInformationForm -->
        <test-method status="PASS" signature="addNewLegalEntityTest(java.lang.String)[pri:25, instance:com.cm.qa.testcases.GeneralInformationPageTests@67ae56]" name="addNewLegalEntityTest" duration-ms="4244" started-at="2019-12-21T02:51:29Z" data-provider="legalEntity" finished-at="2019-12-21T02:51:33Z">
          <params>
            <param index="0">
              <value>
                <![CDATA[Cloudtail India]]>
              </value>
            </param>
          </params>
          <reporter-output>
          </reporter-output>
        </test-method> <!-- addNewLegalEntityTest -->
        <test-method status="PASS" signature="openGeneralInformationForm()[pri:0, instance:com.cm.qa.testcases.GeneralInformationPageTests@67ae56]" name="openGeneralInformationForm" is-config="true" duration-ms="4269" started-at="2019-12-21T02:51:33Z" finished-at="2019-12-21T02:51:37Z">
          <reporter-output>
          </reporter-output>
        </test-method> <!-- openGeneralInformationForm -->
        <test-method status="PASS" signature="addNewLegalEntityTest(java.lang.String)[pri:25, instance:com.cm.qa.testcases.GeneralInformationPageTests@67ae56]" name="addNewLegalEntityTest" duration-ms="3766" started-at="2019-12-21T02:51:37Z" data-provider="legalEntity" finished-at="2019-12-21T02:51:41Z">
          <params>
            <param index="0">
              <value>
                <![CDATA[Manswini Creation]]>
              </value>
            </param>
          </params>
          <reporter-output>
          </reporter-output>
        </test-method> <!-- addNewLegalEntityTest -->
        <test-method status="PASS" signature="openGeneralInformationForm()[pri:0, instance:com.cm.qa.testcases.GeneralInformationPageTests@67ae56]" name="openGeneralInformationForm" is-config="true" duration-ms="4172" started-at="2019-12-21T02:51:41Z" finished-at="2019-12-21T02:51:45Z">
          <reporter-output>
          </reporter-output>
        </test-method> <!-- openGeneralInformationForm -->
        <test-method status="PASS" signature="blankLegalEntityNameTest()[pri:26, instance:com.cm.qa.testcases.GeneralInformationPageTests@67ae56]" name="blankLegalEntityNameTest" duration-ms="4154" started-at="2019-12-21T02:51:45Z" finished-at="2019-12-21T02:51:49Z">
          <reporter-output>
          </reporter-output>
        </test-method> <!-- blankLegalEntityNameTest -->
        <test-method status="PASS" signature="openGeneralInformationForm()[pri:0, instance:com.cm.qa.testcases.GeneralInformationPageTests@67ae56]" name="openGeneralInformationForm" is-config="true" duration-ms="4170" started-at="2019-12-21T02:51:49Z" finished-at="2019-12-21T02:51:53Z">
          <reporter-output>
          </reporter-output>
        </test-method> <!-- openGeneralInformationForm -->
        <test-method status="PASS" signature="duplicateLegalEntityNameTest()[pri:27, instance:com.cm.qa.testcases.GeneralInformationPageTests@67ae56]" name="duplicateLegalEntityNameTest" duration-ms="6717" started-at="2019-12-21T02:51:53Z" finished-at="2019-12-21T02:52:00Z">
          <reporter-output>
          </reporter-output>
        </test-method> <!-- duplicateLegalEntityNameTest -->
        <test-method status="PASS" signature="openGeneralInformationForm()[pri:0, instance:com.cm.qa.testcases.GeneralInformationPageTests@67ae56]" name="openGeneralInformationForm" is-config="true" duration-ms="4163" started-at="2019-12-21T02:52:00Z" finished-at="2019-12-21T02:52:04Z">
          <reporter-output>
          </reporter-output>
        </test-method> <!-- openGeneralInformationForm -->
        <test-method status="FAIL" signature="addGeneralInformationTest(java.lang.String, java.lang.String, java.lang.String, java.lang.String, java.lang.String, java.lang.String, java.lang.String, java.lang.String)[pri:30, instance:com.cm.qa.testcases.GeneralInformationPageTests@67ae56]" name="addGeneralInformationTest" duration-ms="12752" started-at="2019-12-21T02:52:04Z" data-provider="generalInformation" finished-at="2019-12-21T02:52:17Z">
          <params>
            <param index="0">
              <value>
                <![CDATA[E Commerce]]>
              </value>
            </param>
            <param index="1">
              <value>
                <![CDATA[Electronics]]>
              </value>
            </param>
            <param index="2">
              <value>
                <![CDATA[Flipkart]]>
              </value>
            </param>
            <param index="3">
              <value>
                <![CDATA[Sypkar]]>
              </value>
            </param>
            <param index="4">
              <value>
                <![CDATA[Ahmedabad]]>
              </value>
            </param>
            <param index="5">
              <value>
                <![CDATA[$]]>
              </value>
            </param>
            <param index="6">
              <value>
                <![CDATA[1000]]>
              </value>
            </param>
            <param index="7">
              <value>
                <![CDATA[E Cart]]>
              </value>
            </param>
          </params>
          <exception class="org.openqa.selenium.ElementClickInterceptedException">
            <message>
              <![CDATA[element click intercepted: Element <span class="mat-option-text">...</span> is not clickable at point (974, 391). Other element would receive the click: <mat-option _ngcontent-c40="" class="mat-option ng-star-inserted mat-active" name="currencyType" ngdefaultcontrol="" required="false" role="option" ng-reflect-value="USD" tabindex="0" id="mat-option-338" aria-disabled="false">...</mat-option>
  (Session info: chrome=79.0.3945.88)
Build info: version: '3.14.0', revision: 'aacccce0', time: '2018-08-02T20:19:58.91Z'
System info: host: 'DESKTOP-KAC3CU8', ip: '192.168.1.35', os.name: 'Windows 10', os.arch: 'x86', os.version: '10.0', java.version: '1.8.0_231'
Driver info: org.openqa.selenium.chrome.ChromeDriver
Capabilities {acceptInsecureCerts: false, browserName: chrome, browserVersion: 79.0.3945.88, chrome: {chromedriverVersion: 79.0.3945.36 (3582db32b3389..., userDataDir: C:\Users\subh\AppData\Local...}, goog:chromeOptions: {debuggerAddress: localhost:55012}, javascriptEnabled: true, networkConnectionEnabled: false, pageLoadStrategy: normal, platform: WINDOWS, platformName: WINDOWS, proxy: Proxy(), setWindowRect: true, strictFileInteractability: false, timeouts: {implicit: 0, pageLoad: 300000, script: 30000}, unhandledPromptBehavior: dismiss and notify}
Session ID: e3139141bd8bbc2b5c515b138fb042a3]]>
            </message>
            <full-stacktrace>
              <![CDATA[org.openqa.selenium.ElementClickInterceptedException: element click intercepted: Element <span class="mat-option-text">...</span> is not clickable at point (974, 391). Other element would receive the click: <mat-option _ngcontent-c40="" class="mat-option ng-star-inserted mat-active" name="currencyType" ngdefaultcontrol="" required="false" role="option" ng-reflect-value="USD" tabindex="0" id="mat-option-338" aria-disabled="false">...</mat-option>
  (Session info: chrome=79.0.3945.88)
Build info: version: '3.14.0', revision: 'aacccce0', time: '2018-08-02T20:19:58.91Z'
System info: host: 'DESKTOP-KAC3CU8', ip: '192.168.1.35', os.name: 'Windows 10', os.arch: 'x86', os.version: '10.0', java.version: '1.8.0_231'
Driver info: org.openqa.selenium.chrome.ChromeDriver
Capabilities {acceptInsecureCerts: false, browserName: chrome, browserVersion: 79.0.3945.88, chrome: {chromedriverVersion: 79.0.3945.36 (3582db32b3389..., userDataDir: C:\Users\subh\AppData\Local...}, goog:chromeOptions: {debuggerAddress: localhost:55012}, javascriptEnabled: true, networkConnectionEnabled: false, pageLoadStrategy: normal, platform: WINDOWS, platformName: WINDOWS, proxy: Proxy(), setWindowRect: true, strictFileInteractability: false, timeouts: {implicit: 0, pageLoad: 300000, script: 30000}, unhandledPromptBehavior: dismiss and notify}
Session ID: e3139141bd8bbc2b5c515b138fb042a3
at sun.reflect.NativeConstructorAccessorImpl.newInstance0(Native Method)
at sun.reflect.NativeConstructorAccessorImpl.newInstance(NativeConstructorAccessorImpl.java:62)
at sun.reflect.DelegatingConstructorAccessorImpl.newInstance(DelegatingConstructorAccessorImpl.java:45)
at java.lang.reflect.Constructor.newInstance(Constructor.java:423)
at org.openqa.selenium.remote.http.W3CHttpResponseCodec.createException(W3CHttpResponseCodec.java:187)
at org.openqa.selenium.remote.http.W3CHttpResponseCodec.decode(W3CHttpResponseCodec.java:122)
at org.openqa.selenium.remote.http.W3CHttpResponseCodec.decode(W3CHttpResponseCodec.java:49)
at org.openqa.selenium.remote.HttpCommandExecutor.execute(HttpCommandExecutor.java:158)
at org.openqa.selenium.remote.service.DriverCommandExecutor.execute(DriverCommandExecutor.java:83)
at org.openqa.selenium.remote.RemoteWebDriver.execute(RemoteWebDriver.java:548)
at org.openqa.selenium.remote.RemoteWebElement.execute(RemoteWebElement.java:276)
at org.openqa.selenium.remote.RemoteWebElement.click(RemoteWebElement.java:83)
at cm.cm.qa.base.ActionClass.searchTableData(ActionClass.java:45)
at cm.cm.qa.base.ActionClass.selectDropDownOption(ActionClass.java:68)
at com.cm.qa.pages.GeneralInformationPage.selectCurrency(GeneralInformationPage.java:163)
at com.cm.qa.pages.GeneralInformationPage.fillGeneralInformationForm(GeneralInformationPage.java:204)
at com.cm.qa.testcases.GeneralInformationPageTests.addGeneralInformationTest(GeneralInformationPageTests.java:129)
at sun.reflect.NativeMethodAccessorImpl.invoke0(Native Method)
at sun.reflect.NativeMethodAccessorImpl.invoke(NativeMethodAccessorImpl.java:62)
at sun.reflect.DelegatingMethodAccessorImpl.invoke(DelegatingMethodAccessorImpl.java:43)
at java.lang.reflect.Method.invoke(Method.java:498)
at org.testng.internal.MethodInvocationHelper.invokeMethod(MethodInvocationHelper.java:124)
at org.testng.internal.Invoker.invokeMethod(Invoker.java:583)
at org.testng.internal.Invoker.invokeTestMethod(Invoker.java:719)
at org.testng.internal.Invoker.invokeTestMethods(Invoker.java:989)
at org.testng.internal.TestMethodWorker.invokeTestMethods(TestMethodWorker.java:125)
at org.testng.internal.TestMethodWorker.run(TestMethodWorker.java:109)
at org.testng.TestRunner.privateRun(TestRunner.java:648)
at org.testng.TestRunner.run(TestRunner.java:505)
at org.testng.SuiteRunner.runTest(SuiteRunner.java:455)
at org.testng.SuiteRunner.runSequentially(SuiteRunner.java:450)
at org.testng.SuiteRunner.privateRun(SuiteRunner.java:415)
at org.testng.SuiteRunner.run(SuiteRunner.java:364)
at org.testng.SuiteRunnerWorker.runSuite(SuiteRunnerWorker.java:52)
at org.testng.SuiteRunnerWorker.run(SuiteRunnerWorker.java:84)
at org.testng.TestNG.runSuitesSequentially(TestNG.java:1208)
at org.testng.TestNG.runSuitesLocally(TestNG.java:1137)
at org.testng.TestNG.runSuites(TestNG.java:1049)
at org.testng.TestNG.run(TestNG.java:1017)
at org.testng.remote.AbstractRemoteTestNG.run(AbstractRemoteTestNG.java:114)
at org.testng.remote.RemoteTestNG.initAndRun(RemoteTestNG.java:251)
at org.testng.remote.RemoteTestNG.main(RemoteTestNG.java:77)
]]>
            </full-stacktrace>
          </exception> <!-- org.openqa.selenium.ElementClickInterceptedException -->
          <reporter-output>
          </reporter-output>
        </test-method> <!-- addGeneralInformationTest -->
        <test-method status="FAIL" signature="openGeneralInformationForm()[pri:0, instance:com.cm.qa.testcases.GeneralInformationPageTests@67ae56]" name="openGeneralInformationForm" is-config="true" duration-ms="4218" started-at="2019-12-21T02:52:17Z" finished-at="2019-12-21T02:52:21Z">
          <exception class="org.openqa.selenium.ElementClickInterceptedException">
            <message>
              <![CDATA[element click intercepted: Element <button class="sidenav-toggle-btn mat-icon-button ng-star-inserted" mat-icon-button="">...</button> is not clickable at point (100, 35). Other element would receive the click: <div class="cdk-overlay-backdrop cdk-overlay-transparent-backdrop cdk-overlay-backdrop-showing"></div>
  (Session info: chrome=79.0.3945.88)
Build info: version: '3.14.0', revision: 'aacccce0', time: '2018-08-02T20:19:58.91Z'
System info: host: 'DESKTOP-KAC3CU8', ip: '192.168.1.35', os.name: 'Windows 10', os.arch: 'x86', os.version: '10.0', java.version: '1.8.0_231'
Driver info: org.openqa.selenium.chrome.ChromeDriver
Capabilities {acceptInsecureCerts: false, browserName: chrome, browserVersion: 79.0.3945.88, chrome: {chromedriverVersion: 79.0.3945.36 (3582db32b3389..., userDataDir: C:\Users\subh\AppData\Local...}, goog:chromeOptions: {debuggerAddress: localhost:55012}, javascriptEnabled: true, networkConnectionEnabled: false, pageLoadStrategy: normal, platform: WINDOWS, platformName: WINDOWS, proxy: Proxy(), setWindowRect: true, strictFileInteractability: false, timeouts: {implicit: 0, pageLoad: 300000, script: 30000}, unhandledPromptBehavior: dismiss and notify}
Session ID: e3139141bd8bbc2b5c515b138fb042a3]]>
            </message>
            <full-stacktrace>
              <![CDATA[org.openqa.selenium.ElementClickInterceptedException: element click intercepted: Element <button class="sidenav-toggle-btn mat-icon-button ng-star-inserted" mat-icon-button="">...</button> is not clickable at point (100, 35). Other element would receive the click: <div class="cdk-overlay-backdrop cdk-overlay-transparent-backdrop cdk-overlay-backdrop-showing"></div>
  (Session info: chrome=79.0.3945.88)
Build info: version: '3.14.0', revision: 'aacccce0', time: '2018-08-02T20:19:58.91Z'
System info: host: 'DESKTOP-KAC3CU8', ip: '192.168.1.35', os.name: 'Windows 10', os.arch: 'x86', os.version: '10.0', java.version: '1.8.0_231'
Driver info: org.openqa.selenium.chrome.ChromeDriver
Capabilities {acceptInsecureCerts: false, browserName: chrome, browserVersion: 79.0.3945.88, chrome: {chromedriverVersion: 79.0.3945.36 (3582db32b3389..., userDataDir: C:\Users\subh\AppData\Local...}, goog:chromeOptions: {debuggerAddress: localhost:55012}, javascriptEnabled: true, networkConnectionEnabled: false, pageLoadStrategy: normal, platform: WINDOWS, platformName: WINDOWS, proxy: Proxy(), setWindowRect: true, strictFileInteractability: false, timeouts: {implicit: 0, pageLoad: 300000, script: 30000}, unhandledPromptBehavior: dismiss and notify}
Session ID: e3139141bd8bbc2b5c515b138fb042a3
at sun.reflect.NativeConstructorAccessorImpl.newInstance0(Native Method)
at sun.reflect.NativeConstructorAccessorImpl.newInstance(NativeConstructorAccessorImpl.java:62)
at sun.reflect.DelegatingConstructorAccessorImpl.newInstance(DelegatingConstructorAccessorImpl.java:45)
at java.lang.reflect.Constructor.newInstance(Constructor.java:423)
at org.openqa.selenium.remote.http.W3CHttpResponseCodec.createException(W3CHttpResponseCodec.java:187)
at org.openqa.selenium.remote.http.W3CHttpResponseCodec.decode(W3CHttpResponseCodec.java:122)
at org.openqa.selenium.remote.http.W3CHttpResponseCodec.decode(W3CHttpResponseCodec.java:49)
at org.openqa.selenium.remote.HttpCommandExecutor.execute(HttpCommandExecutor.java:158)
at org.openqa.selenium.remote.service.DriverCommandExecutor.execute(DriverCommandExecutor.java:83)
at org.openqa.selenium.remote.RemoteWebDriver.execute(RemoteWebDriver.java:548)
at org.openqa.selenium.remote.RemoteWebElement.execute(RemoteWebElement.java:276)
at org.openqa.selenium.remote.RemoteWebElement.click(RemoteWebElement.java:83)
at sun.reflect.GeneratedMethodAccessor2.invoke(Unknown Source)
at sun.reflect.DelegatingMethodAccessorImpl.invoke(DelegatingMethodAccessorImpl.java:43)
at java.lang.reflect.Method.invoke(Method.java:498)
at org.openqa.selenium.support.pagefactory.internal.LocatingElementHandler.invoke(LocatingElementHandler.java:51)
at com.sun.proxy.$Proxy10.click(Unknown Source)
at cm.cm.qa.base.ActionClass.clickElement(ActionClass.java:89)
at com.cm.qa.pages.DashboardPage.clickOnContractListLink(DashboardPage.java:57)
at com.cm.qa.pages.DashboardPage.gotoContractListPage(DashboardPage.java:64)
at com.cm.qa.testcases.GeneralInformationPageTests.openGeneralInformationForm(GeneralInformationPageTests.java:34)
at sun.reflect.GeneratedMethodAccessor6.invoke(Unknown Source)
at sun.reflect.DelegatingMethodAccessorImpl.invoke(DelegatingMethodAccessorImpl.java:43)
at java.lang.reflect.Method.invoke(Method.java:498)
at org.testng.internal.MethodInvocationHelper.invokeMethod(MethodInvocationHelper.java:124)
at org.testng.internal.MethodInvocationHelper.invokeMethodConsideringTimeout(MethodInvocationHelper.java:59)
at org.testng.internal.Invoker.invokeConfigurationMethod(Invoker.java:458)
at org.testng.internal.Invoker.invokeConfigurations(Invoker.java:222)
at org.testng.internal.Invoker.invokeMethod(Invoker.java:523)
at org.testng.internal.Invoker.invokeTestMethod(Invoker.java:719)
at org.testng.internal.Invoker.invokeTestMethods(Invoker.java:989)
at org.testng.internal.TestMethodWorker.invokeTestMethods(TestMethodWorker.java:125)
at org.testng.internal.TestMethodWorker.run(TestMethodWorker.java:109)
at org.testng.TestRunner.privateRun(TestRunner.java:648)
at org.testng.TestRunner.run(TestRunner.java:505)
at org.testng.SuiteRunner.runTest(SuiteRunner.java:455)
at org.testng.SuiteRunner.runSequentially(SuiteRunner.java:450)
at org.testng.SuiteRunner.privateRun(SuiteRunner.java:415)
at org.testng.SuiteRunner.run(SuiteRunner.java:364)
at org.testng.SuiteRunnerWorker.runSuite(SuiteRunnerWorker.java:52)
at org.testng.SuiteRunnerWorker.run(SuiteRunnerWorker.java:84)
at org.testng.TestNG.runSuitesSequentially(TestNG.java:1208)
at org.testng.TestNG.runSuitesLocally(TestNG.java:1137)
at org.testng.TestNG.runSuites(TestNG.java:1049)
at org.testng.TestNG.run(TestNG.java:1017)
at org.testng.remote.AbstractRemoteTestNG.run(AbstractRemoteTestNG.java:114)
at org.testng.remote.RemoteTestNG.initAndRun(RemoteTestNG.java:251)
at org.testng.remote.RemoteTestNG.main(RemoteTestNG.java:77)
]]>
            </full-stacktrace>
          </exception> <!-- org.openqa.selenium.ElementClickInterceptedException -->
          <reporter-output>
          </reporter-output>
        </test-method> <!-- openGeneralInformationForm -->
        <test-method status="SKIP" signature="addGeneralInformationTest(java.lang.String, java.lang.String, java.lang.String, java.lang.String, java.lang.String, java.lang.String, java.lang.String, java.lang.String)[pri:30, instance:com.cm.qa.testcases.GeneralInformationPageTests@67ae56]" name="addGeneralInformationTest" duration-ms="0" started-at="2019-12-21T02:52:21Z" data-provider="generalInformation" finished-at="2019-12-21T02:52:21Z">
          <exception class="org.openqa.selenium.ElementClickInterceptedException">
            <message>
              <![CDATA[element click intercepted: Element <button class="sidenav-toggle-btn mat-icon-button ng-star-inserted" mat-icon-button="">...</button> is not clickable at point (100, 35). Other element would receive the click: <div class="cdk-overlay-backdrop cdk-overlay-transparent-backdrop cdk-overlay-backdrop-showing"></div>
  (Session info: chrome=79.0.3945.88)
Build info: version: '3.14.0', revision: 'aacccce0', time: '2018-08-02T20:19:58.91Z'
System info: host: 'DESKTOP-KAC3CU8', ip: '192.168.1.35', os.name: 'Windows 10', os.arch: 'x86', os.version: '10.0', java.version: '1.8.0_231'
Driver info: org.openqa.selenium.chrome.ChromeDriver
Capabilities {acceptInsecureCerts: false, browserName: chrome, browserVersion: 79.0.3945.88, chrome: {chromedriverVersion: 79.0.3945.36 (3582db32b3389..., userDataDir: C:\Users\subh\AppData\Local...}, goog:chromeOptions: {debuggerAddress: localhost:55012}, javascriptEnabled: true, networkConnectionEnabled: false, pageLoadStrategy: normal, platform: WINDOWS, platformName: WINDOWS, proxy: Proxy(), setWindowRect: true, strictFileInteractability: false, timeouts: {implicit: 0, pageLoad: 300000, script: 30000}, unhandledPromptBehavior: dismiss and notify}
Session ID: e3139141bd8bbc2b5c515b138fb042a3]]>
            </message>
            <full-stacktrace>
              <![CDATA[org.openqa.selenium.ElementClickInterceptedException: element click intercepted: Element <button class="sidenav-toggle-btn mat-icon-button ng-star-inserted" mat-icon-button="">...</button> is not clickable at point (100, 35). Other element would receive the click: <div class="cdk-overlay-backdrop cdk-overlay-transparent-backdrop cdk-overlay-backdrop-showing"></div>
  (Session info: chrome=79.0.3945.88)
Build info: version: '3.14.0', revision: 'aacccce0', time: '2018-08-02T20:19:58.91Z'
System info: host: 'DESKTOP-KAC3CU8', ip: '192.168.1.35', os.name: 'Windows 10', os.arch: 'x86', os.version: '10.0', java.version: '1.8.0_231'
Driver info: org.openqa.selenium.chrome.ChromeDriver
Capabilities {acceptInsecureCerts: false, browserName: chrome, browserVersion: 79.0.3945.88, chrome: {chromedriverVersion: 79.0.3945.36 (3582db32b3389..., userDataDir: C:\Users\subh\AppData\Local...}, goog:chromeOptions: {debuggerAddress: localhost:55012}, javascriptEnabled: true, networkConnectionEnabled: false, pageLoadStrategy: normal, platform: WINDOWS, platformName: WINDOWS, proxy: Proxy(), setWindowRect: true, strictFileInteractability: false, timeouts: {implicit: 0, pageLoad: 300000, script: 30000}, unhandledPromptBehavior: dismiss and notify}
Session ID: e3139141bd8bbc2b5c515b138fb042a3
at sun.reflect.NativeConstructorAccessorImpl.newInstance0(Native Method)
at sun.reflect.NativeConstructorAccessorImpl.newInstance(NativeConstructorAccessorImpl.java:62)
at sun.reflect.DelegatingConstructorAccessorImpl.newInstance(DelegatingConstructorAccessorImpl.java:45)
at java.lang.reflect.Constructor.newInstance(Constructor.java:423)
at org.openqa.selenium.remote.http.W3CHttpResponseCodec.createException(W3CHttpResponseCodec.java:187)
at org.openqa.selenium.remote.http.W3CHttpResponseCodec.decode(W3CHttpResponseCodec.java:122)
at org.openqa.selenium.remote.http.W3CHttpResponseCodec.decode(W3CHttpResponseCodec.java:49)
at org.openqa.selenium.remote.HttpCommandExecutor.execute(HttpCommandExecutor.java:158)
at org.openqa.selenium.remote.service.DriverCommandExecutor.execute(DriverCommandExecutor.java:83)
at org.openqa.selenium.remote.RemoteWebDriver.execute(RemoteWebDriver.java:548)
at org.openqa.selenium.remote.RemoteWebElement.execute(RemoteWebElement.java:276)
at org.openqa.selenium.remote.RemoteWebElement.click(RemoteWebElement.java:83)
at sun.reflect.GeneratedMethodAccessor2.invoke(Unknown Source)
at sun.reflect.DelegatingMethodAccessorImpl.invoke(DelegatingMethodAccessorImpl.java:43)
at java.lang.reflect.Method.invoke(Method.java:498)
at org.openqa.selenium.support.pagefactory.internal.LocatingElementHandler.invoke(LocatingElementHandler.java:51)
at com.sun.proxy.$Proxy10.click(Unknown Source)
at cm.cm.qa.base.ActionClass.clickElement(ActionClass.java:89)
at com.cm.qa.pages.DashboardPage.clickOnContractListLink(DashboardPage.java:57)
at com.cm.qa.pages.DashboardPage.gotoContractListPage(DashboardPage.java:64)
at com.cm.qa.testcases.GeneralInformationPageTests.openGeneralInformationForm(GeneralInformationPageTests.java:34)
at sun.reflect.GeneratedMethodAccessor6.invoke(Unknown Source)
at sun.reflect.DelegatingMethodAccessorImpl.invoke(DelegatingMethodAccessorImpl.java:43)
at java.lang.reflect.Method.invoke(Method.java:498)
at org.testng.internal.MethodInvocationHelper.invokeMethod(MethodInvocationHelper.java:124)
at org.testng.internal.MethodInvocationHelper.invokeMethodConsideringTimeout(MethodInvocationHelper.java:59)
at org.testng.internal.Invoker.invokeConfigurationMethod(Invoker.java:458)
at org.testng.internal.Invoker.invokeConfigurations(Invoker.java:222)
at org.testng.internal.Invoker.invokeMethod(Invoker.java:523)
at org.testng.internal.Invoker.invokeTestMethod(Invoker.java:719)
at org.testng.internal.Invoker.invokeTestMethods(Invoker.java:989)
at org.testng.internal.TestMethodWorker.invokeTestMethods(TestMethodWorker.java:125)
at org.testng.internal.TestMethodWorker.run(TestMethodWorker.java:109)
at org.testng.TestRunner.privateRun(TestRunner.java:648)
at org.testng.TestRunner.run(TestRunner.java:505)
at org.testng.SuiteRunner.runTest(SuiteRunner.java:455)
at org.testng.SuiteRunner.runSequentially(SuiteRunner.java:450)
at org.testng.SuiteRunner.privateRun(SuiteRunner.java:415)
at org.testng.SuiteRunner.run(SuiteRunner.java:364)
at org.testng.SuiteRunnerWorker.runSuite(SuiteRunnerWorker.java:52)
at org.testng.SuiteRunnerWorker.run(SuiteRunnerWorker.java:84)
at org.testng.TestNG.runSuitesSequentially(TestNG.java:1208)
at org.testng.TestNG.runSuitesLocally(TestNG.java:1137)
at org.testng.TestNG.runSuites(TestNG.java:1049)
at org.testng.TestNG.run(TestNG.java:1017)
at org.testng.remote.AbstractRemoteTestNG.run(AbstractRemoteTestNG.java:114)
at org.testng.remote.RemoteTestNG.initAndRun(RemoteTestNG.java:251)
at org.testng.remote.RemoteTestNG.main(RemoteTestNG.java:77)
]]>
            </full-stacktrace>
          </exception> <!-- org.openqa.selenium.ElementClickInterceptedException -->
          <reporter-output>
          </reporter-output>
        </test-method> <!-- addGeneralInformationTest -->
        <test-method status="SKIP" signature="openGeneralInformationForm()[pri:0, instance:com.cm.qa.testcases.GeneralInformationPageTests@67ae56]" name="openGeneralInformationForm" is-config="true" duration-ms="0" started-at="2019-12-21T02:52:21Z" finished-at="2019-12-21T02:52:21Z">
          <reporter-output>
          </reporter-output>
        </test-method> <!-- openGeneralInformationForm -->
        <test-method status="SKIP" signature="addGeneralInformationTest(java.lang.String, java.lang.String, java.lang.String, java.lang.String, java.lang.String, java.lang.String, java.lang.String, java.lang.String)[pri:30, instance:com.cm.qa.testcases.GeneralInformationPageTests@67ae56]" name="addGeneralInformationTest" duration-ms="0" started-at="2019-12-21T02:52:21Z" data-provider="generalInformation" finished-at="2019-12-21T02:52:21Z">
          <exception class="org.openqa.selenium.ElementClickInterceptedException">
            <message>
              <![CDATA[element click intercepted: Element <button class="sidenav-toggle-btn mat-icon-button ng-star-inserted" mat-icon-button="">...</button> is not clickable at point (100, 35). Other element would receive the click: <div class="cdk-overlay-backdrop cdk-overlay-transparent-backdrop cdk-overlay-backdrop-showing"></div>
  (Session info: chrome=79.0.3945.88)
Build info: version: '3.14.0', revision: 'aacccce0', time: '2018-08-02T20:19:58.91Z'
System info: host: 'DESKTOP-KAC3CU8', ip: '192.168.1.35', os.name: 'Windows 10', os.arch: 'x86', os.version: '10.0', java.version: '1.8.0_231'
Driver info: org.openqa.selenium.chrome.ChromeDriver
Capabilities {acceptInsecureCerts: false, browserName: chrome, browserVersion: 79.0.3945.88, chrome: {chromedriverVersion: 79.0.3945.36 (3582db32b3389..., userDataDir: C:\Users\subh\AppData\Local...}, goog:chromeOptions: {debuggerAddress: localhost:55012}, javascriptEnabled: true, networkConnectionEnabled: false, pageLoadStrategy: normal, platform: WINDOWS, platformName: WINDOWS, proxy: Proxy(), setWindowRect: true, strictFileInteractability: false, timeouts: {implicit: 0, pageLoad: 300000, script: 30000}, unhandledPromptBehavior: dismiss and notify}
Session ID: e3139141bd8bbc2b5c515b138fb042a3]]>
            </message>
            <full-stacktrace>
              <![CDATA[org.openqa.selenium.ElementClickInterceptedException: element click intercepted: Element <button class="sidenav-toggle-btn mat-icon-button ng-star-inserted" mat-icon-button="">...</button> is not clickable at point (100, 35). Other element would receive the click: <div class="cdk-overlay-backdrop cdk-overlay-transparent-backdrop cdk-overlay-backdrop-showing"></div>
  (Session info: chrome=79.0.3945.88)
Build info: version: '3.14.0', revision: 'aacccce0', time: '2018-08-02T20:19:58.91Z'
System info: host: 'DESKTOP-KAC3CU8', ip: '192.168.1.35', os.name: 'Windows 10', os.arch: 'x86', os.version: '10.0', java.version: '1.8.0_231'
Driver info: org.openqa.selenium.chrome.ChromeDriver
Capabilities {acceptInsecureCerts: false, browserName: chrome, browserVersion: 79.0.3945.88, chrome: {chromedriverVersion: 79.0.3945.36 (3582db32b3389..., userDataDir: C:\Users\subh\AppData\Local...}, goog:chromeOptions: {debuggerAddress: localhost:55012}, javascriptEnabled: true, networkConnectionEnabled: false, pageLoadStrategy: normal, platform: WINDOWS, platformName: WINDOWS, proxy: Proxy(), setWindowRect: true, strictFileInteractability: false, timeouts: {implicit: 0, pageLoad: 300000, script: 30000}, unhandledPromptBehavior: dismiss and notify}
Session ID: e3139141bd8bbc2b5c515b138fb042a3
at sun.reflect.NativeConstructorAccessorImpl.newInstance0(Native Method)
at sun.reflect.NativeConstructorAccessorImpl.newInstance(NativeConstructorAccessorImpl.java:62)
at sun.reflect.DelegatingConstructorAccessorImpl.newInstance(DelegatingConstructorAccessorImpl.java:45)
at java.lang.reflect.Constructor.newInstance(Constructor.java:423)
at org.openqa.selenium.remote.http.W3CHttpResponseCodec.createException(W3CHttpResponseCodec.java:187)
at org.openqa.selenium.remote.http.W3CHttpResponseCodec.decode(W3CHttpResponseCodec.java:122)
at org.openqa.selenium.remote.http.W3CHttpResponseCodec.decode(W3CHttpResponseCodec.java:49)
at org.openqa.selenium.remote.HttpCommandExecutor.execute(HttpCommandExecutor.java:158)
at org.openqa.selenium.remote.service.DriverCommandExecutor.execute(DriverCommandExecutor.java:83)
at org.openqa.selenium.remote.RemoteWebDriver.execute(RemoteWebDriver.java:548)
at org.openqa.selenium.remote.RemoteWebElement.execute(RemoteWebElement.java:276)
at org.openqa.selenium.remote.RemoteWebElement.click(RemoteWebElement.java:83)
at sun.reflect.GeneratedMethodAccessor2.invoke(Unknown Source)
at sun.reflect.DelegatingMethodAccessorImpl.invoke(DelegatingMethodAccessorImpl.java:43)
at java.lang.reflect.Method.invoke(Method.java:498)
at org.openqa.selenium.support.pagefactory.internal.LocatingElementHandler.invoke(LocatingElementHandler.java:51)
at com.sun.proxy.$Proxy10.click(Unknown Source)
at cm.cm.qa.base.ActionClass.clickElement(ActionClass.java:89)
at com.cm.qa.pages.DashboardPage.clickOnContractListLink(DashboardPage.java:57)
at com.cm.qa.pages.DashboardPage.gotoContractListPage(DashboardPage.java:64)
at com.cm.qa.testcases.GeneralInformationPageTests.openGeneralInformationForm(GeneralInformationPageTests.java:34)
at sun.reflect.GeneratedMethodAccessor6.invoke(Unknown Source)
at sun.reflect.DelegatingMethodAccessorImpl.invoke(DelegatingMethodAccessorImpl.java:43)
at java.lang.reflect.Method.invoke(Method.java:498)
at org.testng.internal.MethodInvocationHelper.invokeMethod(MethodInvocationHelper.java:124)
at org.testng.internal.MethodInvocationHelper.invokeMethodConsideringTimeout(MethodInvocationHelper.java:59)
at org.testng.internal.Invoker.invokeConfigurationMethod(Invoker.java:458)
at org.testng.internal.Invoker.invokeConfigurations(Invoker.java:222)
at org.testng.internal.Invoker.invokeMethod(Invoker.java:523)
at org.testng.internal.Invoker.invokeTestMethod(Invoker.java:719)
at org.testng.internal.Invoker.invokeTestMethods(Invoker.java:989)
at org.testng.internal.TestMethodWorker.invokeTestMethods(TestMethodWorker.java:125)
at org.testng.internal.TestMethodWorker.run(TestMethodWorker.java:109)
at org.testng.TestRunner.privateRun(TestRunner.java:648)
at org.testng.TestRunner.run(TestRunner.java:505)
at org.testng.SuiteRunner.runTest(SuiteRunner.java:455)
at org.testng.SuiteRunner.runSequentially(SuiteRunner.java:450)
at org.testng.SuiteRunner.privateRun(SuiteRunner.java:415)
at org.testng.SuiteRunner.run(SuiteRunner.java:364)
at org.testng.SuiteRunnerWorker.runSuite(SuiteRunnerWorker.java:52)
at org.testng.SuiteRunnerWorker.run(SuiteRunnerWorker.java:84)
at org.testng.TestNG.runSuitesSequentially(TestNG.java:1208)
at org.testng.TestNG.runSuitesLocally(TestNG.java:1137)
at org.testng.TestNG.runSuites(TestNG.java:1049)
at org.testng.TestNG.run(TestNG.java:1017)
at org.testng.remote.AbstractRemoteTestNG.run(AbstractRemoteTestNG.java:114)
at org.testng.remote.RemoteTestNG.initAndRun(RemoteTestNG.java:251)
at org.testng.remote.RemoteTestNG.main(RemoteTestNG.java:77)
]]>
            </full-stacktrace>
          </exception> <!-- org.openqa.selenium.ElementClickInterceptedException -->
          <reporter-output>
          </reporter-output>
        </test-method> <!-- addGeneralInformationTest -->
        <test-method status="SKIP" signature="openGeneralInformationForm()[pri:0, instance:com.cm.qa.testcases.GeneralInformationPageTests@67ae56]" name="openGeneralInformationForm" is-config="true" duration-ms="0" started-at="2019-12-21T02:52:21Z" finished-at="2019-12-21T02:52:21Z">
          <reporter-output>
          </reporter-output>
        </test-method> <!-- openGeneralInformationForm -->
        <test-method status="SKIP" signature="addGeneralInformationTest(java.lang.String, java.lang.String, java.lang.String, java.lang.String, java.lang.String, java.lang.String, java.lang.String, java.lang.String)[pri:30, instance:com.cm.qa.testcases.GeneralInformationPageTests@67ae56]" name="addGeneralInformationTest" duration-ms="0" started-at="2019-12-21T02:52:21Z" data-provider="generalInformation" finished-at="2019-12-21T02:52:21Z">
          <exception class="org.openqa.selenium.ElementClickInterceptedException">
            <message>
              <![CDATA[element click intercepted: Element <button class="sidenav-toggle-btn mat-icon-button ng-star-inserted" mat-icon-button="">...</button> is not clickable at point (100, 35). Other element would receive the click: <div class="cdk-overlay-backdrop cdk-overlay-transparent-backdrop cdk-overlay-backdrop-showing"></div>
  (Session info: chrome=79.0.3945.88)
Build info: version: '3.14.0', revision: 'aacccce0', time: '2018-08-02T20:19:58.91Z'
System info: host: 'DESKTOP-KAC3CU8', ip: '192.168.1.35', os.name: 'Windows 10', os.arch: 'x86', os.version: '10.0', java.version: '1.8.0_231'
Driver info: org.openqa.selenium.chrome.ChromeDriver
Capabilities {acceptInsecureCerts: false, browserName: chrome, browserVersion: 79.0.3945.88, chrome: {chromedriverVersion: 79.0.3945.36 (3582db32b3389..., userDataDir: C:\Users\subh\AppData\Local...}, goog:chromeOptions: {debuggerAddress: localhost:55012}, javascriptEnabled: true, networkConnectionEnabled: false, pageLoadStrategy: normal, platform: WINDOWS, platformName: WINDOWS, proxy: Proxy(), setWindowRect: true, strictFileInteractability: false, timeouts: {implicit: 0, pageLoad: 300000, script: 30000}, unhandledPromptBehavior: dismiss and notify}
Session ID: e3139141bd8bbc2b5c515b138fb042a3]]>
            </message>
            <full-stacktrace>
              <![CDATA[org.openqa.selenium.ElementClickInterceptedException: element click intercepted: Element <button class="sidenav-toggle-btn mat-icon-button ng-star-inserted" mat-icon-button="">...</button> is not clickable at point (100, 35). Other element would receive the click: <div class="cdk-overlay-backdrop cdk-overlay-transparent-backdrop cdk-overlay-backdrop-showing"></div>
  (Session info: chrome=79.0.3945.88)
Build info: version: '3.14.0', revision: 'aacccce0', time: '2018-08-02T20:19:58.91Z'
System info: host: 'DESKTOP-KAC3CU8', ip: '192.168.1.35', os.name: 'Windows 10', os.arch: 'x86', os.version: '10.0', java.version: '1.8.0_231'
Driver info: org.openqa.selenium.chrome.ChromeDriver
Capabilities {acceptInsecureCerts: false, browserName: chrome, browserVersion: 79.0.3945.88, chrome: {chromedriverVersion: 79.0.3945.36 (3582db32b3389..., userDataDir: C:\Users\subh\AppData\Local...}, goog:chromeOptions: {debuggerAddress: localhost:55012}, javascriptEnabled: true, networkConnectionEnabled: false, pageLoadStrategy: normal, platform: WINDOWS, platformName: WINDOWS, proxy: Proxy(), setWindowRect: true, strictFileInteractability: false, timeouts: {implicit: 0, pageLoad: 300000, script: 30000}, unhandledPromptBehavior: dismiss and notify}
Session ID: e3139141bd8bbc2b5c515b138fb042a3
at sun.reflect.NativeConstructorAccessorImpl.newInstance0(Native Method)
at sun.reflect.NativeConstructorAccessorImpl.newInstance(NativeConstructorAccessorImpl.java:62)
at sun.reflect.DelegatingConstructorAccessorImpl.newInstance(DelegatingConstructorAccessorImpl.java:45)
at java.lang.reflect.Constructor.newInstance(Constructor.java:423)
at org.openqa.selenium.remote.http.W3CHttpResponseCodec.createException(W3CHttpResponseCodec.java:187)
at org.openqa.selenium.remote.http.W3CHttpResponseCodec.decode(W3CHttpResponseCodec.java:122)
at org.openqa.selenium.remote.http.W3CHttpResponseCodec.decode(W3CHttpResponseCodec.java:49)
at org.openqa.selenium.remote.HttpCommandExecutor.execute(HttpCommandExecutor.java:158)
at org.openqa.selenium.remote.service.DriverCommandExecutor.execute(DriverCommandExecutor.java:83)
at org.openqa.selenium.remote.RemoteWebDriver.execute(RemoteWebDriver.java:548)
at org.openqa.selenium.remote.RemoteWebElement.execute(RemoteWebElement.java:276)
at org.openqa.selenium.remote.RemoteWebElement.click(RemoteWebElement.java:83)
at sun.reflect.GeneratedMethodAccessor2.invoke(Unknown Source)
at sun.reflect.DelegatingMethodAccessorImpl.invoke(DelegatingMethodAccessorImpl.java:43)
at java.lang.reflect.Method.invoke(Method.java:498)
at org.openqa.selenium.support.pagefactory.internal.LocatingElementHandler.invoke(LocatingElementHandler.java:51)
at com.sun.proxy.$Proxy10.click(Unknown Source)
at cm.cm.qa.base.ActionClass.clickElement(ActionClass.java:89)
at com.cm.qa.pages.DashboardPage.clickOnContractListLink(DashboardPage.java:57)
at com.cm.qa.pages.DashboardPage.gotoContractListPage(DashboardPage.java:64)
at com.cm.qa.testcases.GeneralInformationPageTests.openGeneralInformationForm(GeneralInformationPageTests.java:34)
at sun.reflect.GeneratedMethodAccessor6.invoke(Unknown Source)
at sun.reflect.DelegatingMethodAccessorImpl.invoke(DelegatingMethodAccessorImpl.java:43)
at java.lang.reflect.Method.invoke(Method.java:498)
at org.testng.internal.MethodInvocationHelper.invokeMethod(MethodInvocationHelper.java:124)
at org.testng.internal.MethodInvocationHelper.invokeMethodConsideringTimeout(MethodInvocationHelper.java:59)
at org.testng.internal.Invoker.invokeConfigurationMethod(Invoker.java:458)
at org.testng.internal.Invoker.invokeConfigurations(Invoker.java:222)
at org.testng.internal.Invoker.invokeMethod(Invoker.java:523)
at org.testng.internal.Invoker.invokeTestMethod(Invoker.java:719)
at org.testng.internal.Invoker.invokeTestMethods(Invoker.java:989)
at org.testng.internal.TestMethodWorker.invokeTestMethods(TestMethodWorker.java:125)
at org.testng.internal.TestMethodWorker.run(TestMethodWorker.java:109)
at org.testng.TestRunner.privateRun(TestRunner.java:648)
at org.testng.TestRunner.run(TestRunner.java:505)
at org.testng.SuiteRunner.runTest(SuiteRunner.java:455)
at org.testng.SuiteRunner.runSequentially(SuiteRunner.java:450)
at org.testng.SuiteRunner.privateRun(SuiteRunner.java:415)
at org.testng.SuiteRunner.run(SuiteRunner.java:364)
at org.testng.SuiteRunnerWorker.runSuite(SuiteRunnerWorker.java:52)
at org.testng.SuiteRunnerWorker.run(SuiteRunnerWorker.java:84)
at org.testng.TestNG.runSuitesSequentially(TestNG.java:1208)
at org.testng.TestNG.runSuitesLocally(TestNG.java:1137)
at org.testng.TestNG.runSuites(TestNG.java:1049)
at org.testng.TestNG.run(TestNG.java:1017)
at org.testng.remote.AbstractRemoteTestNG.run(AbstractRemoteTestNG.java:114)
at org.testng.remote.RemoteTestNG.initAndRun(RemoteTestNG.java:251)
at org.testng.remote.RemoteTestNG.main(RemoteTestNG.java:77)
]]>
            </full-stacktrace>
          </exception> <!-- org.openqa.selenium.ElementClickInterceptedException -->
          <reporter-output>
          </reporter-output>
        </test-method> <!-- addGeneralInformationTest -->
        <test-method status="SKIP" signature="openGeneralInformationForm()[pri:0, instance:com.cm.qa.testcases.GeneralInformationPageTests@67ae56]" name="openGeneralInformationForm" is-config="true" duration-ms="0" started-at="2019-12-21T02:52:21Z" finished-at="2019-12-21T02:52:21Z">
          <reporter-output>
          </reporter-output>
        </test-method> <!-- openGeneralInformationForm -->
        <test-method status="SKIP" signature="addGeneralInformationTest(java.lang.String, java.lang.String, java.lang.String, java.lang.String, java.lang.String, java.lang.String, java.lang.String, java.lang.String)[pri:30, instance:com.cm.qa.testcases.GeneralInformationPageTests@67ae56]" name="addGeneralInformationTest" duration-ms="0" started-at="2019-12-21T02:52:21Z" data-provider="generalInformation" finished-at="2019-12-21T02:52:21Z">
          <exception class="org.openqa.selenium.ElementClickInterceptedException">
            <message>
              <![CDATA[element click intercepted: Element <button class="sidenav-toggle-btn mat-icon-button ng-star-inserted" mat-icon-button="">...</button> is not clickable at point (100, 35). Other element would receive the click: <div class="cdk-overlay-backdrop cdk-overlay-transparent-backdrop cdk-overlay-backdrop-showing"></div>
  (Session info: chrome=79.0.3945.88)
Build info: version: '3.14.0', revision: 'aacccce0', time: '2018-08-02T20:19:58.91Z'
System info: host: 'DESKTOP-KAC3CU8', ip: '192.168.1.35', os.name: 'Windows 10', os.arch: 'x86', os.version: '10.0', java.version: '1.8.0_231'
Driver info: org.openqa.selenium.chrome.ChromeDriver
Capabilities {acceptInsecureCerts: false, browserName: chrome, browserVersion: 79.0.3945.88, chrome: {chromedriverVersion: 79.0.3945.36 (3582db32b3389..., userDataDir: C:\Users\subh\AppData\Local...}, goog:chromeOptions: {debuggerAddress: localhost:55012}, javascriptEnabled: true, networkConnectionEnabled: false, pageLoadStrategy: normal, platform: WINDOWS, platformName: WINDOWS, proxy: Proxy(), setWindowRect: true, strictFileInteractability: false, timeouts: {implicit: 0, pageLoad: 300000, script: 30000}, unhandledPromptBehavior: dismiss and notify}
Session ID: e3139141bd8bbc2b5c515b138fb042a3]]>
            </message>
            <full-stacktrace>
              <![CDATA[org.openqa.selenium.ElementClickInterceptedException: element click intercepted: Element <button class="sidenav-toggle-btn mat-icon-button ng-star-inserted" mat-icon-button="">...</button> is not clickable at point (100, 35). Other element would receive the click: <div class="cdk-overlay-backdrop cdk-overlay-transparent-backdrop cdk-overlay-backdrop-showing"></div>
  (Session info: chrome=79.0.3945.88)
Build info: version: '3.14.0', revision: 'aacccce0', time: '2018-08-02T20:19:58.91Z'
System info: host: 'DESKTOP-KAC3CU8', ip: '192.168.1.35', os.name: 'Windows 10', os.arch: 'x86', os.version: '10.0', java.version: '1.8.0_231'
Driver info: org.openqa.selenium.chrome.ChromeDriver
Capabilities {acceptInsecureCerts: false, browserName: chrome, browserVersion: 79.0.3945.88, chrome: {chromedriverVersion: 79.0.3945.36 (3582db32b3389..., userDataDir: C:\Users\subh\AppData\Local...}, goog:chromeOptions: {debuggerAddress: localhost:55012}, javascriptEnabled: true, networkConnectionEnabled: false, pageLoadStrategy: normal, platform: WINDOWS, platformName: WINDOWS, proxy: Proxy(), setWindowRect: true, strictFileInteractability: false, timeouts: {implicit: 0, pageLoad: 300000, script: 30000}, unhandledPromptBehavior: dismiss and notify}
Session ID: e3139141bd8bbc2b5c515b138fb042a3
at sun.reflect.NativeConstructorAccessorImpl.newInstance0(Native Method)
at sun.reflect.NativeConstructorAccessorImpl.newInstance(NativeConstructorAccessorImpl.java:62)
at sun.reflect.DelegatingConstructorAccessorImpl.newInstance(DelegatingConstructorAccessorImpl.java:45)
at java.lang.reflect.Constructor.newInstance(Constructor.java:423)
at org.openqa.selenium.remote.http.W3CHttpResponseCodec.createException(W3CHttpResponseCodec.java:187)
at org.openqa.selenium.remote.http.W3CHttpResponseCodec.decode(W3CHttpResponseCodec.java:122)
at org.openqa.selenium.remote.http.W3CHttpResponseCodec.decode(W3CHttpResponseCodec.java:49)
at org.openqa.selenium.remote.HttpCommandExecutor.execute(HttpCommandExecutor.java:158)
at org.openqa.selenium.remote.service.DriverCommandExecutor.execute(DriverCommandExecutor.java:83)
at org.openqa.selenium.remote.RemoteWebDriver.execute(RemoteWebDriver.java:548)
at org.openqa.selenium.remote.RemoteWebElement.execute(RemoteWebElement.java:276)
at org.openqa.selenium.remote.RemoteWebElement.click(RemoteWebElement.java:83)
at sun.reflect.GeneratedMethodAccessor2.invoke(Unknown Source)
at sun.reflect.DelegatingMethodAccessorImpl.invoke(DelegatingMethodAccessorImpl.java:43)
at java.lang.reflect.Method.invoke(Method.java:498)
at org.openqa.selenium.support.pagefactory.internal.LocatingElementHandler.invoke(LocatingElementHandler.java:51)
at com.sun.proxy.$Proxy10.click(Unknown Source)
at cm.cm.qa.base.ActionClass.clickElement(ActionClass.java:89)
at com.cm.qa.pages.DashboardPage.clickOnContractListLink(DashboardPage.java:57)
at com.cm.qa.pages.DashboardPage.gotoContractListPage(DashboardPage.java:64)
at com.cm.qa.testcases.GeneralInformationPageTests.openGeneralInformationForm(GeneralInformationPageTests.java:34)
at sun.reflect.GeneratedMethodAccessor6.invoke(Unknown Source)
at sun.reflect.DelegatingMethodAccessorImpl.invoke(DelegatingMethodAccessorImpl.java:43)
at java.lang.reflect.Method.invoke(Method.java:498)
at org.testng.internal.MethodInvocationHelper.invokeMethod(MethodInvocationHelper.java:124)
at org.testng.internal.MethodInvocationHelper.invokeMethodConsideringTimeout(MethodInvocationHelper.java:59)
at org.testng.internal.Invoker.invokeConfigurationMethod(Invoker.java:458)
at org.testng.internal.Invoker.invokeConfigurations(Invoker.java:222)
at org.testng.internal.Invoker.invokeMethod(Invoker.java:523)
at org.testng.internal.Invoker.invokeTestMethod(Invoker.java:719)
at org.testng.internal.Invoker.invokeTestMethods(Invoker.java:989)
at org.testng.internal.TestMethodWorker.invokeTestMethods(TestMethodWorker.java:125)
at org.testng.internal.TestMethodWorker.run(TestMethodWorker.java:109)
at org.testng.TestRunner.privateRun(TestRunner.java:648)
at org.testng.TestRunner.run(TestRunner.java:505)
at org.testng.SuiteRunner.runTest(SuiteRunner.java:455)
at org.testng.SuiteRunner.runSequentially(SuiteRunner.java:450)
at org.testng.SuiteRunner.privateRun(SuiteRunner.java:415)
at org.testng.SuiteRunner.run(SuiteRunner.java:364)
at org.testng.SuiteRunnerWorker.runSuite(SuiteRunnerWorker.java:52)
at org.testng.SuiteRunnerWorker.run(SuiteRunnerWorker.java:84)
at org.testng.TestNG.runSuitesSequentially(TestNG.java:1208)
at org.testng.TestNG.runSuitesLocally(TestNG.java:1137)
at org.testng.TestNG.runSuites(TestNG.java:1049)
at org.testng.TestNG.run(TestNG.java:1017)
at org.testng.remote.AbstractRemoteTestNG.run(AbstractRemoteTestNG.java:114)
at org.testng.remote.RemoteTestNG.initAndRun(RemoteTestNG.java:251)
at org.testng.remote.RemoteTestNG.main(RemoteTestNG.java:77)
]]>
            </full-stacktrace>
          </exception> <!-- org.openqa.selenium.ElementClickInterceptedException -->
          <reporter-output>
          </reporter-output>
        </test-method> <!-- addGeneralInformationTest -->
        <test-method status="SKIP" signature="openGeneralInformationForm()[pri:0, instance:com.cm.qa.testcases.GeneralInformationPageTests@67ae56]" name="openGeneralInformationForm" is-config="true" duration-ms="0" started-at="2019-12-21T02:52:21Z" finished-at="2019-12-21T02:52:21Z">
          <reporter-output>
          </reporter-output>
        </test-method> <!-- openGeneralInformationForm -->
        <test-method status="SKIP" signature="addGeneralInformationTest(java.lang.String, java.lang.String, java.lang.String, java.lang.String, java.lang.String, java.lang.String, java.lang.String, java.lang.String)[pri:30, instance:com.cm.qa.testcases.GeneralInformationPageTests@67ae56]" name="addGeneralInformationTest" duration-ms="0" started-at="2019-12-21T02:52:21Z" data-provider="generalInformation" finished-at="2019-12-21T02:52:21Z">
          <exception class="org.openqa.selenium.ElementClickInterceptedException">
            <message>
              <![CDATA[element click intercepted: Element <button class="sidenav-toggle-btn mat-icon-button ng-star-inserted" mat-icon-button="">...</button> is not clickable at point (100, 35). Other element would receive the click: <div class="cdk-overlay-backdrop cdk-overlay-transparent-backdrop cdk-overlay-backdrop-showing"></div>
  (Session info: chrome=79.0.3945.88)
Build info: version: '3.14.0', revision: 'aacccce0', time: '2018-08-02T20:19:58.91Z'
System info: host: 'DESKTOP-KAC3CU8', ip: '192.168.1.35', os.name: 'Windows 10', os.arch: 'x86', os.version: '10.0', java.version: '1.8.0_231'
Driver info: org.openqa.selenium.chrome.ChromeDriver
Capabilities {acceptInsecureCerts: false, browserName: chrome, browserVersion: 79.0.3945.88, chrome: {chromedriverVersion: 79.0.3945.36 (3582db32b3389..., userDataDir: C:\Users\subh\AppData\Local...}, goog:chromeOptions: {debuggerAddress: localhost:55012}, javascriptEnabled: true, networkConnectionEnabled: false, pageLoadStrategy: normal, platform: WINDOWS, platformName: WINDOWS, proxy: Proxy(), setWindowRect: true, strictFileInteractability: false, timeouts: {implicit: 0, pageLoad: 300000, script: 30000}, unhandledPromptBehavior: dismiss and notify}
Session ID: e3139141bd8bbc2b5c515b138fb042a3]]>
            </message>
            <full-stacktrace>
              <![CDATA[org.openqa.selenium.ElementClickInterceptedException: element click intercepted: Element <button class="sidenav-toggle-btn mat-icon-button ng-star-inserted" mat-icon-button="">...</button> is not clickable at point (100, 35). Other element would receive the click: <div class="cdk-overlay-backdrop cdk-overlay-transparent-backdrop cdk-overlay-backdrop-showing"></div>
  (Session info: chrome=79.0.3945.88)
Build info: version: '3.14.0', revision: 'aacccce0', time: '2018-08-02T20:19:58.91Z'
System info: host: 'DESKTOP-KAC3CU8', ip: '192.168.1.35', os.name: 'Windows 10', os.arch: 'x86', os.version: '10.0', java.version: '1.8.0_231'
Driver info: org.openqa.selenium.chrome.ChromeDriver
Capabilities {acceptInsecureCerts: false, browserName: chrome, browserVersion: 79.0.3945.88, chrome: {chromedriverVersion: 79.0.3945.36 (3582db32b3389..., userDataDir: C:\Users\subh\AppData\Local...}, goog:chromeOptions: {debuggerAddress: localhost:55012}, javascriptEnabled: true, networkConnectionEnabled: false, pageLoadStrategy: normal, platform: WINDOWS, platformName: WINDOWS, proxy: Proxy(), setWindowRect: true, strictFileInteractability: false, timeouts: {implicit: 0, pageLoad: 300000, script: 30000}, unhandledPromptBehavior: dismiss and notify}
Session ID: e3139141bd8bbc2b5c515b138fb042a3
at sun.reflect.NativeConstructorAccessorImpl.newInstance0(Native Method)
at sun.reflect.NativeConstructorAccessorImpl.newInstance(NativeConstructorAccessorImpl.java:62)
at sun.reflect.DelegatingConstructorAccessorImpl.newInstance(DelegatingConstructorAccessorImpl.java:45)
at java.lang.reflect.Constructor.newInstance(Constructor.java:423)
at org.openqa.selenium.remote.http.W3CHttpResponseCodec.createException(W3CHttpResponseCodec.java:187)
at org.openqa.selenium.remote.http.W3CHttpResponseCodec.decode(W3CHttpResponseCodec.java:122)
at org.openqa.selenium.remote.http.W3CHttpResponseCodec.decode(W3CHttpResponseCodec.java:49)
at org.openqa.selenium.remote.HttpCommandExecutor.execute(HttpCommandExecutor.java:158)
at org.openqa.selenium.remote.service.DriverCommandExecutor.execute(DriverCommandExecutor.java:83)
at org.openqa.selenium.remote.RemoteWebDriver.execute(RemoteWebDriver.java:548)
at org.openqa.selenium.remote.RemoteWebElement.execute(RemoteWebElement.java:276)
at org.openqa.selenium.remote.RemoteWebElement.click(RemoteWebElement.java:83)
at sun.reflect.GeneratedMethodAccessor2.invoke(Unknown Source)
at sun.reflect.DelegatingMethodAccessorImpl.invoke(DelegatingMethodAccessorImpl.java:43)
at java.lang.reflect.Method.invoke(Method.java:498)
at org.openqa.selenium.support.pagefactory.internal.LocatingElementHandler.invoke(LocatingElementHandler.java:51)
at com.sun.proxy.$Proxy10.click(Unknown Source)
at cm.cm.qa.base.ActionClass.clickElement(ActionClass.java:89)
at com.cm.qa.pages.DashboardPage.clickOnContractListLink(DashboardPage.java:57)
at com.cm.qa.pages.DashboardPage.gotoContractListPage(DashboardPage.java:64)
at com.cm.qa.testcases.GeneralInformationPageTests.openGeneralInformationForm(GeneralInformationPageTests.java:34)
at sun.reflect.GeneratedMethodAccessor6.invoke(Unknown Source)
at sun.reflect.DelegatingMethodAccessorImpl.invoke(DelegatingMethodAccessorImpl.java:43)
at java.lang.reflect.Method.invoke(Method.java:498)
at org.testng.internal.MethodInvocationHelper.invokeMethod(MethodInvocationHelper.java:124)
at org.testng.internal.MethodInvocationHelper.invokeMethodConsideringTimeout(MethodInvocationHelper.java:59)
at org.testng.internal.Invoker.invokeConfigurationMethod(Invoker.java:458)
at org.testng.internal.Invoker.invokeConfigurations(Invoker.java:222)
at org.testng.internal.Invoker.invokeMethod(Invoker.java:523)
at org.testng.internal.Invoker.invokeTestMethod(Invoker.java:719)
at org.testng.internal.Invoker.invokeTestMethods(Invoker.java:989)
at org.testng.internal.TestMethodWorker.invokeTestMethods(TestMethodWorker.java:125)
at org.testng.internal.TestMethodWorker.run(TestMethodWorker.java:109)
at org.testng.TestRunner.privateRun(TestRunner.java:648)
at org.testng.TestRunner.run(TestRunner.java:505)
at org.testng.SuiteRunner.runTest(SuiteRunner.java:455)
at org.testng.SuiteRunner.runSequentially(SuiteRunner.java:450)
at org.testng.SuiteRunner.privateRun(SuiteRunner.java:415)
at org.testng.SuiteRunner.run(SuiteRunner.java:364)
at org.testng.SuiteRunnerWorker.runSuite(SuiteRunnerWorker.java:52)
at org.testng.SuiteRunnerWorker.run(SuiteRunnerWorker.java:84)
at org.testng.TestNG.runSuitesSequentially(TestNG.java:1208)
at org.testng.TestNG.runSuitesLocally(TestNG.java:1137)
at org.testng.TestNG.runSuites(TestNG.java:1049)
at org.testng.TestNG.run(TestNG.java:1017)
at org.testng.remote.AbstractRemoteTestNG.run(AbstractRemoteTestNG.java:114)
at org.testng.remote.RemoteTestNG.initAndRun(RemoteTestNG.java:251)
at org.testng.remote.RemoteTestNG.main(RemoteTestNG.java:77)
]]>
            </full-stacktrace>
          </exception> <!-- org.openqa.selenium.ElementClickInterceptedException -->
          <reporter-output>
          </reporter-output>
        </test-method> <!-- addGeneralInformationTest -->
        <test-method status="SKIP" signature="openGeneralInformationForm()[pri:0, instance:com.cm.qa.testcases.GeneralInformationPageTests@67ae56]" name="openGeneralInformationForm" is-config="true" duration-ms="0" started-at="2019-12-21T02:52:21Z" finished-at="2019-12-21T02:52:21Z">
          <reporter-output>
          </reporter-output>
        </test-method> <!-- openGeneralInformationForm -->
        <test-method status="SKIP" signature="addGeneralInformationTest(java.lang.String, java.lang.String, java.lang.String, java.lang.String, java.lang.String, java.lang.String, java.lang.String, java.lang.String)[pri:30, instance:com.cm.qa.testcases.GeneralInformationPageTests@67ae56]" name="addGeneralInformationTest" duration-ms="0" started-at="2019-12-21T02:52:21Z" data-provider="generalInformation" finished-at="2019-12-21T02:52:21Z">
          <exception class="org.openqa.selenium.ElementClickInterceptedException">
            <message>
              <![CDATA[element click intercepted: Element <button class="sidenav-toggle-btn mat-icon-button ng-star-inserted" mat-icon-button="">...</button> is not clickable at point (100, 35). Other element would receive the click: <div class="cdk-overlay-backdrop cdk-overlay-transparent-backdrop cdk-overlay-backdrop-showing"></div>
  (Session info: chrome=79.0.3945.88)
Build info: version: '3.14.0', revision: 'aacccce0', time: '2018-08-02T20:19:58.91Z'
System info: host: 'DESKTOP-KAC3CU8', ip: '192.168.1.35', os.name: 'Windows 10', os.arch: 'x86', os.version: '10.0', java.version: '1.8.0_231'
Driver info: org.openqa.selenium.chrome.ChromeDriver
Capabilities {acceptInsecureCerts: false, browserName: chrome, browserVersion: 79.0.3945.88, chrome: {chromedriverVersion: 79.0.3945.36 (3582db32b3389..., userDataDir: C:\Users\subh\AppData\Local...}, goog:chromeOptions: {debuggerAddress: localhost:55012}, javascriptEnabled: true, networkConnectionEnabled: false, pageLoadStrategy: normal, platform: WINDOWS, platformName: WINDOWS, proxy: Proxy(), setWindowRect: true, strictFileInteractability: false, timeouts: {implicit: 0, pageLoad: 300000, script: 30000}, unhandledPromptBehavior: dismiss and notify}
Session ID: e3139141bd8bbc2b5c515b138fb042a3]]>
            </message>
            <full-stacktrace>
              <![CDATA[org.openqa.selenium.ElementClickInterceptedException: element click intercepted: Element <button class="sidenav-toggle-btn mat-icon-button ng-star-inserted" mat-icon-button="">...</button> is not clickable at point (100, 35). Other element would receive the click: <div class="cdk-overlay-backdrop cdk-overlay-transparent-backdrop cdk-overlay-backdrop-showing"></div>
  (Session info: chrome=79.0.3945.88)
Build info: version: '3.14.0', revision: 'aacccce0', time: '2018-08-02T20:19:58.91Z'
System info: host: 'DESKTOP-KAC3CU8', ip: '192.168.1.35', os.name: 'Windows 10', os.arch: 'x86', os.version: '10.0', java.version: '1.8.0_231'
Driver info: org.openqa.selenium.chrome.ChromeDriver
Capabilities {acceptInsecureCerts: false, browserName: chrome, browserVersion: 79.0.3945.88, chrome: {chromedriverVersion: 79.0.3945.36 (3582db32b3389..., userDataDir: C:\Users\subh\AppData\Local...}, goog:chromeOptions: {debuggerAddress: localhost:55012}, javascriptEnabled: true, networkConnectionEnabled: false, pageLoadStrategy: normal, platform: WINDOWS, platformName: WINDOWS, proxy: Proxy(), setWindowRect: true, strictFileInteractability: false, timeouts: {implicit: 0, pageLoad: 300000, script: 30000}, unhandledPromptBehavior: dismiss and notify}
Session ID: e3139141bd8bbc2b5c515b138fb042a3
at sun.reflect.NativeConstructorAccessorImpl.newInstance0(Native Method)
at sun.reflect.NativeConstructorAccessorImpl.newInstance(NativeConstructorAccessorImpl.java:62)
at sun.reflect.DelegatingConstructorAccessorImpl.newInstance(DelegatingConstructorAccessorImpl.java:45)
at java.lang.reflect.Constructor.newInstance(Constructor.java:423)
at org.openqa.selenium.remote.http.W3CHttpResponseCodec.createException(W3CHttpResponseCodec.java:187)
at org.openqa.selenium.remote.http.W3CHttpResponseCodec.decode(W3CHttpResponseCodec.java:122)
at org.openqa.selenium.remote.http.W3CHttpResponseCodec.decode(W3CHttpResponseCodec.java:49)
at org.openqa.selenium.remote.HttpCommandExecutor.execute(HttpCommandExecutor.java:158)
at org.openqa.selenium.remote.service.DriverCommandExecutor.execute(DriverCommandExecutor.java:83)
at org.openqa.selenium.remote.RemoteWebDriver.execute(RemoteWebDriver.java:548)
at org.openqa.selenium.remote.RemoteWebElement.execute(RemoteWebElement.java:276)
at org.openqa.selenium.remote.RemoteWebElement.click(RemoteWebElement.java:83)
at sun.reflect.GeneratedMethodAccessor2.invoke(Unknown Source)
at sun.reflect.DelegatingMethodAccessorImpl.invoke(DelegatingMethodAccessorImpl.java:43)
at java.lang.reflect.Method.invoke(Method.java:498)
at org.openqa.selenium.support.pagefactory.internal.LocatingElementHandler.invoke(LocatingElementHandler.java:51)
at com.sun.proxy.$Proxy10.click(Unknown Source)
at cm.cm.qa.base.ActionClass.clickElement(ActionClass.java:89)
at com.cm.qa.pages.DashboardPage.clickOnContractListLink(DashboardPage.java:57)
at com.cm.qa.pages.DashboardPage.gotoContractListPage(DashboardPage.java:64)
at com.cm.qa.testcases.GeneralInformationPageTests.openGeneralInformationForm(GeneralInformationPageTests.java:34)
at sun.reflect.GeneratedMethodAccessor6.invoke(Unknown Source)
at sun.reflect.DelegatingMethodAccessorImpl.invoke(DelegatingMethodAccessorImpl.java:43)
at java.lang.reflect.Method.invoke(Method.java:498)
at org.testng.internal.MethodInvocationHelper.invokeMethod(MethodInvocationHelper.java:124)
at org.testng.internal.MethodInvocationHelper.invokeMethodConsideringTimeout(MethodInvocationHelper.java:59)
at org.testng.internal.Invoker.invokeConfigurationMethod(Invoker.java:458)
at org.testng.internal.Invoker.invokeConfigurations(Invoker.java:222)
at org.testng.internal.Invoker.invokeMethod(Invoker.java:523)
at org.testng.internal.Invoker.invokeTestMethod(Invoker.java:719)
at org.testng.internal.Invoker.invokeTestMethods(Invoker.java:989)
at org.testng.internal.TestMethodWorker.invokeTestMethods(TestMethodWorker.java:125)
at org.testng.internal.TestMethodWorker.run(TestMethodWorker.java:109)
at org.testng.TestRunner.privateRun(TestRunner.java:648)
at org.testng.TestRunner.run(TestRunner.java:505)
at org.testng.SuiteRunner.runTest(SuiteRunner.java:455)
at org.testng.SuiteRunner.runSequentially(SuiteRunner.java:450)
at org.testng.SuiteRunner.privateRun(SuiteRunner.java:415)
at org.testng.SuiteRunner.run(SuiteRunner.java:364)
at org.testng.SuiteRunnerWorker.runSuite(SuiteRunnerWorker.java:52)
at org.testng.SuiteRunnerWorker.run(SuiteRunnerWorker.java:84)
at org.testng.TestNG.runSuitesSequentially(TestNG.java:1208)
at org.testng.TestNG.runSuitesLocally(TestNG.java:1137)
at org.testng.TestNG.runSuites(TestNG.java:1049)
at org.testng.TestNG.run(TestNG.java:1017)
at org.testng.remote.AbstractRemoteTestNG.run(AbstractRemoteTestNG.java:114)
at org.testng.remote.RemoteTestNG.initAndRun(RemoteTestNG.java:251)
at org.testng.remote.RemoteTestNG.main(RemoteTestNG.java:77)
]]>
            </full-stacktrace>
          </exception> <!-- org.openqa.selenium.ElementClickInterceptedException -->
          <reporter-output>
          </reporter-output>
        </test-method> <!-- addGeneralInformationTest -->
        <test-method status="SKIP" signature="openGeneralInformationForm()[pri:0, instance:com.cm.qa.testcases.GeneralInformationPageTests@67ae56]" name="openGeneralInformationForm" is-config="true" duration-ms="0" started-at="2019-12-21T02:52:22Z" finished-at="2019-12-21T02:52:22Z">
          <reporter-output>
          </reporter-output>
        </test-method> <!-- openGeneralInformationForm -->
        <test-method status="SKIP" signature="addGeneralInformationTest(java.lang.String, java.lang.String, java.lang.String, java.lang.String, java.lang.String, java.lang.String, java.lang.String, java.lang.String)[pri:30, instance:com.cm.qa.testcases.GeneralInformationPageTests@67ae56]" name="addGeneralInformationTest" duration-ms="0" started-at="2019-12-21T02:52:22Z" data-provider="generalInformation" finished-at="2019-12-21T02:52:22Z">
          <exception class="org.openqa.selenium.ElementClickInterceptedException">
            <message>
              <![CDATA[element click intercepted: Element <button class="sidenav-toggle-btn mat-icon-button ng-star-inserted" mat-icon-button="">...</button> is not clickable at point (100, 35). Other element would receive the click: <div class="cdk-overlay-backdrop cdk-overlay-transparent-backdrop cdk-overlay-backdrop-showing"></div>
  (Session info: chrome=79.0.3945.88)
Build info: version: '3.14.0', revision: 'aacccce0', time: '2018-08-02T20:19:58.91Z'
System info: host: 'DESKTOP-KAC3CU8', ip: '192.168.1.35', os.name: 'Windows 10', os.arch: 'x86', os.version: '10.0', java.version: '1.8.0_231'
Driver info: org.openqa.selenium.chrome.ChromeDriver
Capabilities {acceptInsecureCerts: false, browserName: chrome, browserVersion: 79.0.3945.88, chrome: {chromedriverVersion: 79.0.3945.36 (3582db32b3389..., userDataDir: C:\Users\subh\AppData\Local...}, goog:chromeOptions: {debuggerAddress: localhost:55012}, javascriptEnabled: true, networkConnectionEnabled: false, pageLoadStrategy: normal, platform: WINDOWS, platformName: WINDOWS, proxy: Proxy(), setWindowRect: true, strictFileInteractability: false, timeouts: {implicit: 0, pageLoad: 300000, script: 30000}, unhandledPromptBehavior: dismiss and notify}
Session ID: e3139141bd8bbc2b5c515b138fb042a3]]>
            </message>
            <full-stacktrace>
              <![CDATA[org.openqa.selenium.ElementClickInterceptedException: element click intercepted: Element <button class="sidenav-toggle-btn mat-icon-button ng-star-inserted" mat-icon-button="">...</button> is not clickable at point (100, 35). Other element would receive the click: <div class="cdk-overlay-backdrop cdk-overlay-transparent-backdrop cdk-overlay-backdrop-showing"></div>
  (Session info: chrome=79.0.3945.88)
Build info: version: '3.14.0', revision: 'aacccce0', time: '2018-08-02T20:19:58.91Z'
System info: host: 'DESKTOP-KAC3CU8', ip: '192.168.1.35', os.name: 'Windows 10', os.arch: 'x86', os.version: '10.0', java.version: '1.8.0_231'
Driver info: org.openqa.selenium.chrome.ChromeDriver
Capabilities {acceptInsecureCerts: false, browserName: chrome, browserVersion: 79.0.3945.88, chrome: {chromedriverVersion: 79.0.3945.36 (3582db32b3389..., userDataDir: C:\Users\subh\AppData\Local...}, goog:chromeOptions: {debuggerAddress: localhost:55012}, javascriptEnabled: true, networkConnectionEnabled: false, pageLoadStrategy: normal, platform: WINDOWS, platformName: WINDOWS, proxy: Proxy(), setWindowRect: true, strictFileInteractability: false, timeouts: {implicit: 0, pageLoad: 300000, script: 30000}, unhandledPromptBehavior: dismiss and notify}
Session ID: e3139141bd8bbc2b5c515b138fb042a3
at sun.reflect.NativeConstructorAccessorImpl.newInstance0(Native Method)
at sun.reflect.NativeConstructorAccessorImpl.newInstance(NativeConstructorAccessorImpl.java:62)
at sun.reflect.DelegatingConstructorAccessorImpl.newInstance(DelegatingConstructorAccessorImpl.java:45)
at java.lang.reflect.Constructor.newInstance(Constructor.java:423)
at org.openqa.selenium.remote.http.W3CHttpResponseCodec.createException(W3CHttpResponseCodec.java:187)
at org.openqa.selenium.remote.http.W3CHttpResponseCodec.decode(W3CHttpResponseCodec.java:122)
at org.openqa.selenium.remote.http.W3CHttpResponseCodec.decode(W3CHttpResponseCodec.java:49)
at org.openqa.selenium.remote.HttpCommandExecutor.execute(HttpCommandExecutor.java:158)
at org.openqa.selenium.remote.service.DriverCommandExecutor.execute(DriverCommandExecutor.java:83)
at org.openqa.selenium.remote.RemoteWebDriver.execute(RemoteWebDriver.java:548)
at org.openqa.selenium.remote.RemoteWebElement.execute(RemoteWebElement.java:276)
at org.openqa.selenium.remote.RemoteWebElement.click(RemoteWebElement.java:83)
at sun.reflect.GeneratedMethodAccessor2.invoke(Unknown Source)
at sun.reflect.DelegatingMethodAccessorImpl.invoke(DelegatingMethodAccessorImpl.java:43)
at java.lang.reflect.Method.invoke(Method.java:498)
at org.openqa.selenium.support.pagefactory.internal.LocatingElementHandler.invoke(LocatingElementHandler.java:51)
at com.sun.proxy.$Proxy10.click(Unknown Source)
at cm.cm.qa.base.ActionClass.clickElement(ActionClass.java:89)
at com.cm.qa.pages.DashboardPage.clickOnContractListLink(DashboardPage.java:57)
at com.cm.qa.pages.DashboardPage.gotoContractListPage(DashboardPage.java:64)
at com.cm.qa.testcases.GeneralInformationPageTests.openGeneralInformationForm(GeneralInformationPageTests.java:34)
at sun.reflect.GeneratedMethodAccessor6.invoke(Unknown Source)
at sun.reflect.DelegatingMethodAccessorImpl.invoke(DelegatingMethodAccessorImpl.java:43)
at java.lang.reflect.Method.invoke(Method.java:498)
at org.testng.internal.MethodInvocationHelper.invokeMethod(MethodInvocationHelper.java:124)
at org.testng.internal.MethodInvocationHelper.invokeMethodConsideringTimeout(MethodInvocationHelper.java:59)
at org.testng.internal.Invoker.invokeConfigurationMethod(Invoker.java:458)
at org.testng.internal.Invoker.invokeConfigurations(Invoker.java:222)
at org.testng.internal.Invoker.invokeMethod(Invoker.java:523)
at org.testng.internal.Invoker.invokeTestMethod(Invoker.java:719)
at org.testng.internal.Invoker.invokeTestMethods(Invoker.java:989)
at org.testng.internal.TestMethodWorker.invokeTestMethods(TestMethodWorker.java:125)
at org.testng.internal.TestMethodWorker.run(TestMethodWorker.java:109)
at org.testng.TestRunner.privateRun(TestRunner.java:648)
at org.testng.TestRunner.run(TestRunner.java:505)
at org.testng.SuiteRunner.runTest(SuiteRunner.java:455)
at org.testng.SuiteRunner.runSequentially(SuiteRunner.java:450)
at org.testng.SuiteRunner.privateRun(SuiteRunner.java:415)
at org.testng.SuiteRunner.run(SuiteRunner.java:364)
at org.testng.SuiteRunnerWorker.runSuite(SuiteRunnerWorker.java:52)
at org.testng.SuiteRunnerWorker.run(SuiteRunnerWorker.java:84)
at org.testng.TestNG.runSuitesSequentially(TestNG.java:1208)
at org.testng.TestNG.runSuitesLocally(TestNG.java:1137)
at org.testng.TestNG.runSuites(TestNG.java:1049)
at org.testng.TestNG.run(TestNG.java:1017)
at org.testng.remote.AbstractRemoteTestNG.run(AbstractRemoteTestNG.java:114)
at org.testng.remote.RemoteTestNG.initAndRun(RemoteTestNG.java:251)
at org.testng.remote.RemoteTestNG.main(RemoteTestNG.java:77)
]]>
            </full-stacktrace>
          </exception> <!-- org.openqa.selenium.ElementClickInterceptedException -->
          <reporter-output>
          </reporter-output>
        </test-method> <!-- addGeneralInformationTest -->
        <test-method status="SKIP" signature="tearDown()[pri:0, instance:com.cm.qa.testcases.GeneralInformationPageTests@67ae56]" name="tearDown" is-config="true" duration-ms="0" started-at="2019-12-21T02:52:22Z" finished-at="2019-12-21T02:52:22Z">
          <reporter-output>
          </reporter-output>
        </test-method> <!-- tearDown -->
      </class> <!-- com.cm.qa.testcases.GeneralInformationPageTests -->
    </test> <!-- Default test -->
  </suite> <!-- Default suite -->
</testng-results>
